tput: terminal attributes: No such device or address

tput: terminal attributes: No such device or address

tput: terminal attributes: No such device or address

tput: terminal attributes: No such device or address

tput: terminal attributes: No such device or address

N E X T F L O W  ~  version 0.30.2
Launching `prime.nf` [naughty_mcnulty] - revision: a7049cdaf7
WARN: It seems you never run this project before -- Option `-resume` is ignored
[warm up] executor > local
[warm up] executor > slurm
[a9/f155d9] Submitted process > analysisCode
[d1/522b08] Submitted process > buildCode
[5b/456790] Submitted process > summarizePipeline
[6a/3ffe5a] Submitted process > run (1)
[85/f1a6c5] Submitted process > run (6)
[21/4abd25] Submitted process > run (3)
[57/e1f54f] Submitted process > run (2)
[3a/93d38d] Submitted process > run (5)
[33/a59788] Submitted process > run (7)
[83/34daab] Submitted process > run (4)
[58/46cff9] Submitted process > run (8)
[aa/8df515] Submitted process > run (10)
[5c/201da2] Submitted process > run (9)
/project/6003576/shijia57/Cedar/June22/prime2_IPGS/work/83/34daab1a4fa3fd7fb0fc7200c42c74
main() {
  Execution directory: /project/6003576/shijia57/Cedar/June22/prime2_IPGS/work/83/34daab1a4fa3fd7fb0fc7200c42c74/state/execs/0.exec
  Copying data to /project/6003576/shijia57/Cedar/June22/prime2_IPGS/work/83/34daab1a4fa3fd7fb0fc7200c42c74/state/execs/0.exec/output
  
  Current tree:mtprim9.phy.alter.msf {
    Current method:IPGS4K2PBF with iterScale=5000.0 (i.e. 5000000.0 iterations) {
      Repeat 1/1 {
         # particles: 500; nMCMC:5000
internal6
|        
+---------------------------------------------------------------------------------------------------+----------------+
|                                                                                                   |                |                
internal5:0.03833                                                                                   s-monkey:0.12926 internal0:0.10194
|                                                                                                                    |                
+------------------+                                                                                                 +-------------+
|                  |                                                                                                 |             |              
ce-macaque:0.09489 internal4:0.04806                                                                                 lemur:0.16268 tarsier:0.17002
                   |                                                                                                                              
                   +--------------+                                                                                                
                   |              |                
                   gibbon:0.04228 internal3:0.01165
                                  |                
                                  +----------------+
                                  |                |                
                                  orang-utan:0.031 internal2:0.01449
                                                   |                
                                                   +---------------+
                                                   |               |                
                                                   gorilla:0.01589 internal1:0.00196
                                                                   |                
                                                                   +------------------+
                                                                   |                  |            
                                                                   chimpanzee:0.01413 human:0.01377
                                                                                                   
                                                                                      

        WARNING: Fix bug (leaf branch lengths not taken into account
        Score for current block of repeats (Method=IPGS4K2PBF,IterScale=5000.0,TreeName=mtprim9.phy.alter.msf) {
          Current PartitionMetric:0.0
          Current RobinsonFouldsMetric:0.47872
          Current KuhnerFelsenstein:0.0283755076
        }
      } [4h27m, cum. 4h27m]
    } [4h27m, cum. 4h27m]
  } [4h27m, cum. 4h27m]
  Execution directory: /project/6003576/shijia57/Cedar/June22/prime2_IPGS/work/83/34daab1a4fa3fd7fb0fc7200c42c74/state/execs/0.exec
} [4h27m]
/project/6003576/shijia57/Cedar/June22/prime2_IPGS/work/6a/3ffe5a17240f8594e518864783c6b4
main() {
  Execution directory: /project/6003576/shijia57/Cedar/June22/prime2_IPGS/work/6a/3ffe5a17240f8594e518864783c6b4/state/execs/0.exec
  Copying data to /project/6003576/shijia57/Cedar/June22/prime2_IPGS/work/6a/3ffe5a17240f8594e518864783c6b4/state/execs/0.exec/output
  
  Current tree:mtprim9.phy.alter.msf {
    Current method:IPGS4K2PBF with iterScale=5000.0 (i.e. 5000000.0 iterations) {
      Repeat 1/1 {
         # particles: 500; nMCMC:5000
internal6
|        
+----------------------------------------------------------------------------------------------------+----------------+
|                                                                                                    |                |                
internal5:0.03795                                                                                    s-monkey:0.12842 internal0:0.10333
|                                                                                                                     |                
+-----------------+                                                                                                   +-------------+
|                 |                                                                                                   |             |              
ce-macaque:0.0953 internal4:0.0482                                                                                    lemur:0.16307 tarsier:0.16973
                  |                                                                                                                                
                  +--------------+                                                                                                  
                  |              |                
                  gibbon:0.04154 internal3:0.01085
                                 |                
                                 +------------------+
                                 |                  |                
                                 orang-utan:0.03083 internal2:0.01499
                                                    |                
                                                    +---------------+
                                                    |               |                
                                                    gorilla:0.01566 internal1:0.00149
                                                                    |                
                                                                    +------------------+
                                                                    |                  |            
                                                                    chimpanzee:0.01416 human:0.01404
                                                                                                    
                                                                                       

        WARNING: Fix bug (leaf branch lengths not taken into account
        Score for current block of repeats (Method=IPGS4K2PBF,IterScale=5000.0,TreeName=mtprim9.phy.alter.msf) {
          Current PartitionMetric:0.0
          Current RobinsonFouldsMetric:0.48171
          Current KuhnerFelsenstein:0.028623367100000005
        }
      } [4h34m, cum. 4h34m]
    } [4h34m, cum. 4h34m]
  } [4h34m, cum. 4h34m]
  Execution directory: /project/6003576/shijia57/Cedar/June22/prime2_IPGS/work/6a/3ffe5a17240f8594e518864783c6b4/state/execs/0.exec
} [4h34m]
/project/6003576/shijia57/Cedar/June22/prime2_IPGS/work/85/f1a6c552b1158a7e5c738ef0a20d13
main() {
  Execution directory: /project/6003576/shijia57/Cedar/June22/prime2_IPGS/work/85/f1a6c552b1158a7e5c738ef0a20d13/state/execs/0.exec
  Copying data to /project/6003576/shijia57/Cedar/June22/prime2_IPGS/work/85/f1a6c552b1158a7e5c738ef0a20d13/state/execs/0.exec/output
  
  Current tree:mtprim9.phy.alter.msf {
    Current method:IPGS4K2PBF with iterScale=5000.0 (i.e. 5000000.0 iterations) {
      Repeat 1/1 {
         # particles: 500; nMCMC:5000
internal6
|        
+-----------------------------------------------------------------------------------------------------+----------------+
|                                                                                                     |                |                
internal5:0.03804                                                                                     s-monkey:0.12956 internal0:0.10294
|                                                                                                                      |                
+------------------+                                                                                                   +-------------+
|                  |                                                                                                   |             |              
ce-macaque:0.09566 internal4:0.04866                                                                                   lemur:0.16252 tarsier:0.16858
                   |                                                                                                                                
                   +--------------+                                                                                                  
                   |              |                
                   gibbon:0.04173 internal3:0.01086
                                  |                
                                  +------------------+
                                  |                  |                
                                  orang-utan:0.03194 internal2:0.01551
                                                     |                
                                                     +---------------+
                                                     |               |                
                                                     gorilla:0.01594 internal1:0.00206
                                                                     |                
                                                                     +------------------+
                                                                     |                  |            
                                                                     chimpanzee:0.01401 human:0.01339
                                                                                                     
                                                                                        

        WARNING: Fix bug (leaf branch lengths not taken into account
        Score for current block of repeats (Method=IPGS4K2PBF,IterScale=5000.0,TreeName=mtprim9.phy.alter.msf) {
          Current PartitionMetric:0.0
          Current RobinsonFouldsMetric:0.47679000000000005
          Current KuhnerFelsenstein:0.028157217900000003
        }
      } [4h34m, cum. 4h34m]
    } [4h34m, cum. 4h34m]
  } [4h34m, cum. 4h34m]
  Execution directory: /project/6003576/shijia57/Cedar/June22/prime2_IPGS/work/85/f1a6c552b1158a7e5c738ef0a20d13/state/execs/0.exec
} [4h34m]
/project/6003576/shijia57/Cedar/June22/prime2_IPGS/work/21/4abd257be3e497467532e6754d6969
main() {
  Execution directory: /project/6003576/shijia57/Cedar/June22/prime2_IPGS/work/21/4abd257be3e497467532e6754d6969/state/execs/0.exec
  Copying data to /project/6003576/shijia57/Cedar/June22/prime2_IPGS/work/21/4abd257be3e497467532e6754d6969/state/execs/0.exec/output
  
  Current tree:mtprim9.phy.alter.msf {
    Current method:IPGS4K2PBF with iterScale=5000.0 (i.e. 5000000.0 iterations) {
      Repeat 1/1 {
         # particles: 500; nMCMC:5000
internal6
|        
+-----------------------------------------------------------------------------------------------------+----------------+
|                                                                                                     |                |                
internal5:0.03784                                                                                     s-monkey:0.12783 internal0:0.10427
|                                                                                                                      |                
+------------------+                                                                                                   +-----------+
|                  |                                                                                                   |           |             
ce-macaque:0.09516 internal4:0.04704                                                                                   lemur:0.162 tarsier:0.1683
                   |                                                                                                                             
                   +--------------+                                                                                                
                   |              |                
                   gibbon:0.04216 internal3:0.01135
                                  |                
                                  +------------------+
                                  |                  |                
                                  orang-utan:0.03122 internal2:0.01478
                                                     |                
                                                     +---------------+
                                                     |               |                
                                                     gorilla:0.01599 internal1:0.00171
                                                                     |                
                                                                     +------------------+
                                                                     |                  |            
                                                                     chimpanzee:0.01442 human:0.01398
                                                                                                     
                                                                                        

        WARNING: Fix bug (leaf branch lengths not taken into account
        Score for current block of repeats (Method=IPGS4K2PBF,IterScale=5000.0,TreeName=mtprim9.phy.alter.msf) {
          Current PartitionMetric:0.0
          Current RobinsonFouldsMetric:0.48224
          Current KuhnerFelsenstein:0.028571234000000004
        }
      } [4h34m, cum. 4h34m]
    } [4h34m, cum. 4h34m]
  } [4h34m, cum. 4h34m]
  Execution directory: /project/6003576/shijia57/Cedar/June22/prime2_IPGS/work/21/4abd257be3e497467532e6754d6969/state/execs/0.exec
} [4h34m]
/project/6003576/shijia57/Cedar/June22/prime2_IPGS/work/33/a597886900a929ce64c741614aafd1
main() {
  Execution directory: /project/6003576/shijia57/Cedar/June22/prime2_IPGS/work/33/a597886900a929ce64c741614aafd1/state/execs/0.exec
  Copying data to /project/6003576/shijia57/Cedar/June22/prime2_IPGS/work/33/a597886900a929ce64c741614aafd1/state/execs/0.exec/output
  
  Current tree:mtprim9.phy.alter.msf {
    Current method:IPGS4K2PBF with iterScale=5000.0 (i.e. 5000000.0 iterations) {
      Repeat 1/1 {
         # particles: 500; nMCMC:5000
internal6
|        
+-----------------------------------------------------------------------------------------------------+----------------+
|                                                                                                     |                |                
internal5:0.03766                                                                                     s-monkey:0.12907 internal0:0.10258
|                                                                                                                      |                
+------------------+                                                                                                   +-------------+
|                  |                                                                                                   |             |              
ce-macaque:0.09572 internal4:0.04831                                                                                   lemur:0.16237 tarsier:0.16943
                   |                                                                                                                                
                   +--------------+                                                                                                  
                   |              |                
                   gibbon:0.04225 internal3:0.01125
                                  |                
                                  +------------------+
                                  |                  |                
                                  orang-utan:0.03101 internal2:0.01556
                                                     |                
                                                     +---------------+
                                                     |               |                
                                                     gorilla:0.01589 internal1:0.00186
                                                                     |                
                                                                     +------------------+
                                                                     |                  |            
                                                                     chimpanzee:0.01394 human:0.01396
                                                                                                     
                                                                                        

        WARNING: Fix bug (leaf branch lengths not taken into account
        Score for current block of repeats (Method=IPGS4K2PBF,IterScale=5000.0,TreeName=mtprim9.phy.alter.msf) {
          Current PartitionMetric:0.0
          Current RobinsonFouldsMetric:0.4783100000000001
          Current KuhnerFelsenstein:0.028242525300000005
        }
      } [4h35m, cum. 4h35m]
    } [4h35m, cum. 4h35m]
  } [4h35m, cum. 4h35m]
  Execution directory: /project/6003576/shijia57/Cedar/June22/prime2_IPGS/work/33/a597886900a929ce64c741614aafd1/state/execs/0.exec
} [4h35m]
/project/6003576/shijia57/Cedar/June22/prime2_IPGS/work/3a/93d38dc083a56d6470f8af4c07a6cc
main() {
  Execution directory: /project/6003576/shijia57/Cedar/June22/prime2_IPGS/work/3a/93d38dc083a56d6470f8af4c07a6cc/state/execs/0.exec
  Copying data to /project/6003576/shijia57/Cedar/June22/prime2_IPGS/work/3a/93d38dc083a56d6470f8af4c07a6cc/state/execs/0.exec/output
  
  Current tree:mtprim9.phy.alter.msf {
    Current method:IPGS4K2PBF with iterScale=5000.0 (i.e. 5000000.0 iterations) {
      Repeat 1/1 {
         # particles: 500; nMCMC:5000
internal6
|        
+-----------------------------------------------------------------------------------------------------+----------------+
|                                                                                                     |                |                
internal5:0.03783                                                                                     s-monkey:0.12866 internal0:0.10349
|                                                                                                                      |                
+------------------+                                                                                                   +-------------+
|                  |                                                                                                   |             |              
ce-macaque:0.09532 internal4:0.04831                                                                                   lemur:0.16269 tarsier:0.16891
                   |                                                                                                                                
                   +--------------+                                                                                                  
                   |              |                
                   gibbon:0.04181 internal3:0.01095
                                  |                
                                  +------------------+
                                  |                  |                
                                  orang-utan:0.03122 internal2:0.01523
                                                     |                
                                                     +---------------+
                                                     |               |                
                                                     gorilla:0.01594 internal1:0.00151
                                                                     |                
                                                                     +------------------+
                                                                     |                  |            
                                                                     chimpanzee:0.01404 human:0.01426
                                                                                                     
                                                                                        

        WARNING: Fix bug (leaf branch lengths not taken into account
        Score for current block of repeats (Method=IPGS4K2PBF,IterScale=5000.0,TreeName=mtprim9.phy.alter.msf) {
          Current PartitionMetric:0.0
          Current RobinsonFouldsMetric:0.47978000000000004
          Current KuhnerFelsenstein:0.028435390600000006
        }
      } [4h36m, cum. 4h36m]
    } [4h36m, cum. 4h36m]
  } [4h36m, cum. 4h36m]
  Execution directory: /project/6003576/shijia57/Cedar/June22/prime2_IPGS/work/3a/93d38dc083a56d6470f8af4c07a6cc/state/execs/0.exec
} [4h36m]
/project/6003576/shijia57/Cedar/June22/prime2_IPGS/work/57/e1f54f70dcf142426dcfd118e1abcc
main() {
  Execution directory: /project/6003576/shijia57/Cedar/June22/prime2_IPGS/work/57/e1f54f70dcf142426dcfd118e1abcc/state/execs/0.exec
  Copying data to /project/6003576/shijia57/Cedar/June22/prime2_IPGS/work/57/e1f54f70dcf142426dcfd118e1abcc/state/execs/0.exec/output
  
  Current tree:mtprim9.phy.alter.msf {
    Current method:IPGS4K2PBF with iterScale=5000.0 (i.e. 5000000.0 iterations) {
      Repeat 1/1 {
         # particles: 500; nMCMC:5000
internal6
|        
+-----------------------------------------------------------------------------------------------------+----------------+
|                                                                                                     |                |                
internal5:0.03858                                                                                     s-monkey:0.12926 internal0:0.10234
|                                                                                                                      |                
+------------------+                                                                                                   +-------------+
|                  |                                                                                                   |             |              
ce-macaque:0.09435 internal4:0.04796                                                                                   lemur:0.16264 tarsier:0.16896
                   |                                                                                                                                
                   +--------------+                                                                                                  
                   |              |                
                   gibbon:0.04194 internal3:0.01088
                                  |                
                                  +------------------+
                                  |                  |                
                                  orang-utan:0.03155 internal2:0.01518
                                                     |                
                                                     +---------------+
                                                     |               |                
                                                     gorilla:0.01581 internal1:0.00194
                                                                     |                
                                                                     +------------------+
                                                                     |                  |            
                                                                     chimpanzee:0.01419 human:0.01371
                                                                                                     
                                                                                        

        WARNING: Fix bug (leaf branch lengths not taken into account
        Score for current block of repeats (Method=IPGS4K2PBF,IterScale=5000.0,TreeName=mtprim9.phy.alter.msf) {
          Current PartitionMetric:0.0
          Current RobinsonFouldsMetric:0.47845999999999994
          Current KuhnerFelsenstein:0.028433169200000004
        }
      } [4h39m, cum. 4h39m]
    } [4h39m, cum. 4h39m]
  } [4h39m, cum. 4h39m]
  Execution directory: /project/6003576/shijia57/Cedar/June22/prime2_IPGS/work/57/e1f54f70dcf142426dcfd118e1abcc/state/execs/0.exec
} [4h39m]
/project/6003576/shijia57/Cedar/June22/prime2_IPGS/work/58/46cff9535d79eef7f25cf0777c7f46
main() {
  Execution directory: /project/6003576/shijia57/Cedar/June22/prime2_IPGS/work/58/46cff9535d79eef7f25cf0777c7f46/state/execs/0.exec
  Copying data to /project/6003576/shijia57/Cedar/June22/prime2_IPGS/work/58/46cff9535d79eef7f25cf0777c7f46/state/execs/0.exec/output
  
  Current tree:mtprim9.phy.alter.msf {
    Current method:IPGS4K2PBF with iterScale=5000.0 (i.e. 5000000.0 iterations) {
      Repeat 1/1 {
         # particles: 500; nMCMC:5000
internal6
|        
+-------------------------------------------------------------------------------------------------+----------------+
|                                                                                                 |                |              
internal5:0.03873                                                                                 s-monkey:0.12985 internal0:0.102
|                                                                                                                  |              
+-----------------+                                                                                                +-------------+
|                 |                                                                                                |             |              
ce-macaque:0.0948 internal4:0.04813                                                                                lemur:0.16291 tarsier:0.16949
                  |                                                                                                                             
                  +--------------+                                                                                               
                  |              |               
                  gibbon:0.04168 internal3:0.0115
                                 |               
                                 +------------------+
                                 |                  |                
                                 orang-utan:0.03091 internal2:0.01502
                                                    |                
                                                    +---------------+
                                                    |               |                
                                                    gorilla:0.01579 internal1:0.00141
                                                                    |                
                                                                    +-----------------+
                                                                    |                 |          
                                                                    chimpanzee:0.0145 human:0.014
                                                                                                 
                                                                                      

        WARNING: Fix bug (leaf branch lengths not taken into account
        Score for current block of repeats (Method=IPGS4K2PBF,IterScale=5000.0,TreeName=mtprim9.phy.alter.msf) {
          Current PartitionMetric:0.0
          Current RobinsonFouldsMetric:0.4774100000000001
          Current KuhnerFelsenstein:0.028354766100000005
        }
      } [4h40m, cum. 4h40m]
    } [4h40m, cum. 4h40m]
  } [4h40m, cum. 4h40m]
  Execution directory: /project/6003576/shijia57/Cedar/June22/prime2_IPGS/work/58/46cff9535d79eef7f25cf0777c7f46/state/execs/0.exec
} [4h40m]
/project/6003576/shijia57/Cedar/June22/prime2_IPGS/work/5c/201da21a145a35259872d99bb47792
main() {
  Execution directory: /project/6003576/shijia57/Cedar/June22/prime2_IPGS/work/5c/201da21a145a35259872d99bb47792/state/execs/0.exec
  Copying data to /project/6003576/shijia57/Cedar/June22/prime2_IPGS/work/5c/201da21a145a35259872d99bb47792/state/execs/0.exec/output
  
  Current tree:mtprim9.phy.alter.msf {
    Current method:IPGS4K2PBF with iterScale=5000.0 (i.e. 5000000.0 iterations) {
      Repeat 1/1 {
         # particles: 500; nMCMC:5000
internal6
|        
+-----------------------------------------------------------------------------------------------------+----------------+
|                                                                                                     |                |                
internal5:0.03767                                                                                     s-monkey:0.12903 internal0:0.10317
|                                                                                                                      |                
+------------------+                                                                                                   +-------------+
|                  |                                                                                                   |             |              
ce-macaque:0.09518 internal4:0.04857                                                                                   lemur:0.16188 tarsier:0.16842
                   |                                                                                                                                
                   +--------------+                                                                                                  
                   |              |                
                   gibbon:0.04184 internal3:0.01105
                                  |                
                                  +------------------+
                                  |                  |                
                                  orang-utan:0.03118 internal2:0.01501
                                                     |                
                                                     +---------------+
                                                     |               |                
                                                     gorilla:0.01567 internal1:0.00172
                                                                     |                
                                                                     +------------------+
                                                                     |                  |            
                                                                     chimpanzee:0.01425 human:0.01365
                                                                                                     
                                                                                        

        WARNING: Fix bug (leaf branch lengths not taken into account
        Score for current block of repeats (Method=IPGS4K2PBF,IterScale=5000.0,TreeName=mtprim9.phy.alter.msf) {
          Current PartitionMetric:0.0
          Current RobinsonFouldsMetric:0.4800399999999999
          Current KuhnerFelsenstein:0.0284311732
        }
      } [4h43m, cum. 4h43m]
    } [4h43m, cum. 4h43m]
  } [4h43m, cum. 4h43m]
  Execution directory: /project/6003576/shijia57/Cedar/June22/prime2_IPGS/work/5c/201da21a145a35259872d99bb47792/state/execs/0.exec
} [4h43m]
/project/6003576/shijia57/Cedar/June22/prime2_IPGS/work/aa/8df5155dec3f39479160d5b65d8f3f
main() {
  Execution directory: /project/6003576/shijia57/Cedar/June22/prime2_IPGS/work/aa/8df5155dec3f39479160d5b65d8f3f/state/execs/0.exec
  Copying data to /project/6003576/shijia57/Cedar/June22/prime2_IPGS/work/aa/8df5155dec3f39479160d5b65d8f3f/state/execs/0.exec/output
  
  Current tree:mtprim9.phy.alter.msf {
    Current method:IPGS4K2PBF with iterScale=5000.0 (i.e. 5000000.0 iterations) {
      Repeat 1/1 {
         # particles: 500; nMCMC:5000
internal6
|        
+-----------------------------------------------------------------------------------------------------+----------------+
|                                                                                                     |                |                
internal5:0.03833                                                                                     s-monkey:0.12915 internal0:0.10265
|                                                                                                                      |                
+------------------+                                                                                                   +-------------+
|                  |                                                                                                   |             |              
ce-macaque:0.09467 internal4:0.0485                                                                                    lemur:0.16225 tarsier:0.16795
                   |                                                                                                                                
                   +--------------+                                                                                                  
                   |              |               
                   gibbon:0.04149 internal3:0.0106
                                  |               
                                  +------------------+
                                  |                  |                
                                  orang-utan:0.03102 internal2:0.01547
                                                     |                
                                                     +---------------+
                                                     |               |                
                                                     gorilla:0.01598 internal1:0.00177
                                                                     |                
                                                                     +------------------+
                                                                     |                  |            
                                                                     chimpanzee:0.01398 human:0.01392
                                                                                                     
                                                                                        

        WARNING: Fix bug (leaf branch lengths not taken into account
        Score for current block of repeats (Method=IPGS4K2PBF,IterScale=5000.0,TreeName=mtprim9.phy.alter.msf) {
          Current PartitionMetric:0.0
          Current RobinsonFouldsMetric:0.47862000000000005
          Current KuhnerFelsenstein:0.028516120800000006
        }
      } [4h46m, cum. 4h46m]
    } [4h46m, cum. 4h46m]
  } [4h46m, cum. 4h46m]
  Execution directory: /project/6003576/shijia57/Cedar/June22/prime2_IPGS/work/aa/8df5155dec3f39479160d5b65d8f3f/state/execs/0.exec
} [4h46m]
[da/ce15d4] Submitted process > aggregate
ERROR ~ Error executing process > 'aggregate'

Caused by:
  Process `aggregate` terminated with an error exit status (2)

Command executed:

  ./code/bin/csv-aggregate     --experimentConfigs.managedExecutionFolder false     --experimentConfigs.saveStandardStreams false     --experimentConfigs.recordExecutionInfo false     --argumentFileName state/execs/0.exec/options.map     --argumentsKeys    gen.rand  PGSExperiments.iterScalings PGSExperiments.methods PGSExperiments.mainRand PGSExperiments.nParticlesEachStep    --dataPathInEachExecFolder state/execs/0.exec/results/logZout.csv     --outputFolderName aggregated

Command exit status:
  2

Command output:
  (empty)

Command error:
    --dataPathInEachExecFolder state/execs/0.exec/results/logZout.csv    # <String> (mandatory)
  #   description: Comma separated value (cvs) file in each exec containing the data to be aggregated.
  
  # --execFoldersPrefix <String> (default value: exec_)
  #   description: Prefix of the directories, each containing stored command line arguments stored in tab separated values as well data in csv format.
  
  # --experimentConfigs.configFile <File> (optional)
  #   description: If set, use those arguments in provided file that do not appear in the provided arguments.
  
    --experimentConfigs.managedExecutionFolder false    # <boolean> (default value: true)
  #   description: Automatically organize results into subdirectories of 'results/all'?
  
    --experimentConfigs.recordExecutionInfo false    # <boolean> (default value: true)
  #   description: Record information such as timing, main class, code version, etc for this run?
  
    --experimentConfigs.saveStandardStreams false    # <boolean> (default value: true)
  #   description: Save combined standard out and err into a file?
  
  # --keys <String> (mandatory)
  #   description: Command line arguments stored in tab separated values for each exec. Syntax: comma separated list of (<key> [as <transformed-key>] )* from [optional] <tsv-file-in-each-exec>
  # ! Did not instantiate <java.lang.String> because of missing input
  
    --outputFolderName aggregated    # <String> (default value: aggregated)
  
  ### Errors:
  
  #   error @ argumentFileName
  # ! Unknown input
  
  #   error @ argumentsKeys
  # ! Unknown input

Work dir:
  /project/6003576/shijia57/Cedar/June22/prime2_IPGS/work/da/ce15d427da133ad83d57bc9e9bc7b6

Tip: when you have fixed the problem you can continue the execution appending to the nextflow command line the option `-resume`

 -- Check '.nextflow.log' file for details
