tput: terminal attributes: No such device or address

tput: terminal attributes: No such device or address

tput: terminal attributes: No such device or address

tput: terminal attributes: No such device or address

tput: terminal attributes: No such device or address

N E X T F L O W  ~  version 0.30.2
Launching `prime.nf` [fervent_legentil] - revision: 3355884ebb
WARN: It seems you never run this project before -- Option `-resume` is ignored
[warm up] executor > local
[warm up] executor > slurm
[6a/b2dea9] Submitted process > buildCode
[1d/db1d4f] Submitted process > summarizePipeline
[ed/76a6c5] Submitted process > analysisCode
[1f/270781] Submitted process > run (1)
[01/5a6dbc] Submitted process > run (2)
[75/d29e1b] Submitted process > run (3)
[fa/65771e] Submitted process > run (4)
[68/334800] Submitted process > run (5)
[a0/8eb050] Submitted process > run (6)
[c1/d61f46] Submitted process > run (7)
[a7/5ad8f6] Submitted process > run (8)
[c2/fd2925] Submitted process > run (9)
[55/d2b904] Submitted process > run (10)
[f6/4e600d] Submitted process > run (11)
[78/6331f2] Submitted process > run (12)
/project/6003576/shijia57/Cedar/new_realdata2/Fish_PGAS/K10000/work/01/5a6dbcec05d79f097122033742e1e5
main() {
  Execution directory: /project/6003576/shijia57/Cedar/new_realdata2/Fish_PGAS/K10000/work/01/5a6dbcec05d79f097122033742e1e5/state/execs/0.exec
  Copying data to /project/6003576/shijia57/Cedar/new_realdata2/Fish_PGAS/K10000/work/01/5a6dbcec05d79f097122033742e1e5/state/execs/0.exec/output
  
  Current tree:fish.msf {
    Current method:PGAS4K2PBF with iterScale=5000.0 (i.e. 5000000.0 iterations) {
      Repeat 1/1 {
         # particles: 10000; nMCMC:5000
        WARNING: Fix bug (leaf branch lengths not taken into account
internal6
|        
+---------------------------------------------------------------------------------------------------------------------------------------------------------------------------------------+----------------------------------------------------------------------------------------------------------------------------------+
|                                                                                                                                                                                       |                                                                                                                                  |                
internal5:0.00115                                                                                                                                                                       internal7:0.01538                                                                                                                  internal0:0.05612
|                                                                                                                                                                                       |                                                                                                                                  |                
+-----------------------------------------------------------------+                                                                                                                     +----------------------------------------------------------------------------------------------+                                   +----------------------------------+
|                                                                 |                                                                                                                     |                                                                                              |                                   |                                  |                               
internal1:0.0232                                                  internal4:0.0261                                                                                                      internal8:0.01955                                                                              Neolamprologus_tetracanthus:0.07735 Ophthalmotilapia_ventralis:0.00585 Neolamprologus_brichardi:0.00585
|                                                                 |                                                                                                                     |                                                                                                                                                                                                     
+-----------------------------------+                             +------------------------------+                                                                                      +-------------------------------------------------------------+                                                                                                       
|                                   |                             |                              |                                                                                      |                                                             |                               
Lepidiolamprologus_elongatus:0.0373 Julidochromis_marlieri:0.0373 Xenotilapia_flavipinnus:0.0348 internal3:0.018                                                                        internal9:0.0321                                              Telmatochromis_temporalis:0.0655
                                                                                                 |                                                                                      |                                                                                             
                                                                                                 +-----------------------+                                                              +------------------------------+                              
                                                                                                 |                       |                                                              |                              |                             
                                                                                                 Xenotilapia_sima:0.0168 internal2:0.00155                                              Chalinochromis_popeleni:0.0334 Lamprologus_callipterus:0.0334
                                                                                                                         |                                                                                                                           
                                                                                                                         +----------------------------+                                                                
                                                                                                                         |                            |                                
                                                                                                                         Callochromis_macrops:0.01525 Cardiopharynx_schoutedeni:0.01525
                                                                                                                                                                                       
                                                                                                                                                      

        Score for current block of repeats (Method=PGAS4K2PBF,IterScale=5000.0,TreeName=fish.msf) {
          Current PartitionMetric:14.0
          Current RobinsonFouldsMetric:0.37590999999999997
          Current KuhnerFelsenstein:0.0084042723
        }
      } [14h56m, cum. 14h56m]
    } [14h56m, cum. 14h56m]
  } [14h56m, cum. 14h56m]
  Execution directory: /project/6003576/shijia57/Cedar/new_realdata2/Fish_PGAS/K10000/work/01/5a6dbcec05d79f097122033742e1e5/state/execs/0.exec
} [14h56m]
/project/6003576/shijia57/Cedar/new_realdata2/Fish_PGAS/K10000/work/75/d29e1b4759c95bc7ed8da4b87f9b9e
main() {
  Execution directory: /project/6003576/shijia57/Cedar/new_realdata2/Fish_PGAS/K10000/work/75/d29e1b4759c95bc7ed8da4b87f9b9e/state/execs/0.exec
  Copying data to /project/6003576/shijia57/Cedar/new_realdata2/Fish_PGAS/K10000/work/75/d29e1b4759c95bc7ed8da4b87f9b9e/state/execs/0.exec/output
  
  Current tree:fish.msf {
    Current method:PGAS4K2PBF with iterScale=5000.0 (i.e. 5000000.0 iterations) {
      Repeat 1/1 {
         # particles: 10000; nMCMC:5000
        WARNING: Fix bug (leaf branch lengths not taken into account
internal6
|        
+-----------------------------------------------------------------+-------------------------------------------------------------------------------------------------------------------------------------+
|                                                                 |                                                                                                                                     |               
internal5:0.01655                                                 internal7:0.0141                                                                                                                      internal4:0.0172
|                                                                 |                                                                                                                                     |               
+-----------------------------------+                             +-------------------------------------------------------------------------------------------------+                                   +--------------------------------------------------------------------------------------------------------------------+
|                                   |                             |                                                                                                 |                                   |                                                                                                                    |              
Lepidiolamprologus_elongatus:0.0491 Julidochromis_marlieri:0.0491 internal8:0.0193                                                                                  Neolamprologus_tetracanthus:0.07975 internal2:0.02225                                                                                                    internal3:0.044
                                                                  |                                                                                                                                     |                                                                                                                    |              
                                                                  +---------------------------------------------------------------+                                                                     +------------------------------+                                                                                     +----------------------------------+
                                                                  |                                                               |                                                                     |                              |                                                                                     |                                  |                               
                                                                  internal9:0.022                                                 Telmatochromis_temporalis:0.07085                                     Xenotilapia_flavipinnus:0.0262 internal1:0.01065                                                                     Ophthalmotilapia_ventralis:0.00445 Neolamprologus_brichardi:0.00445
                                                                  |                                                                                                                                                                    |                                                                                                                                                        
                                                                  +-------------------------------+                                                                                                                                    +------------------------+                                                                                               
                                                                  |                               |                                                                                                                                    |                        |                
                                                                  Chalinochromis_popeleni:0.04885 Lamprologus_callipterus:0.04885                                                                                                      Xenotilapia_sima:0.01555 internal0:0.01125
                                                                                                                                                                                                                                                                |                
                                                                                                                                                                                                                                                                +---------------------------+
                                                                                                                                                                                                                                                                |                           |                               
                                                                                                                                                                                                                                                                Callochromis_macrops:0.0043 Cardiopharynx_schoutedeni:0.0043
                                                                                                                                                                                                                                                                                                                            
                                                                                                                                                                                                                                                                                            

        Score for current block of repeats (Method=PGAS4K2PBF,IterScale=5000.0,TreeName=fish.msf) {
          Current PartitionMetric:14.0
          Current RobinsonFouldsMetric:0.3645
          Current KuhnerFelsenstein:0.007284375
        }
      } [15h3m, cum. 15h3m]
    } [15h3m, cum. 15h3m]
  } [15h3m, cum. 15h3m]
  Execution directory: /project/6003576/shijia57/Cedar/new_realdata2/Fish_PGAS/K10000/work/75/d29e1b4759c95bc7ed8da4b87f9b9e/state/execs/0.exec
} [15h3m]
/project/6003576/shijia57/Cedar/new_realdata2/Fish_PGAS/K10000/work/1f/270781d94103a712601facad65193d
main() {
  Execution directory: /project/6003576/shijia57/Cedar/new_realdata2/Fish_PGAS/K10000/work/1f/270781d94103a712601facad65193d/state/execs/0.exec
  Copying data to /project/6003576/shijia57/Cedar/new_realdata2/Fish_PGAS/K10000/work/1f/270781d94103a712601facad65193d/state/execs/0.exec/output
  
  Current tree:fish.msf {
    Current method:PGAS4K2PBF with iterScale=5000.0 (i.e. 5000000.0 iterations) {
      Repeat 1/1 {
         # particles: 10000; nMCMC:5000
        WARNING: Fix bug (leaf branch lengths not taken into account
internal6
|        
+-------------------------------------------------------------------------------------------------------------------------------------------------------------------------------------------+-------------------------------------------------------------------------------------------------------------------------------------+
|                                                                                                                                                                                           |                                                                                                                                     |               
internal5:0.0021                                                                                                                                                                            internal7:0.0162                                                                                                                      internal0:0.0562
|                                                                                                                                                                                           |                                                                                                                                     |               
+-------------------------------------------------------------------+                                                                                                                       +-------------------------------------------------------------------------------------------------+                                   +----------------------------------+
|                                                                   |                                                                                                                       |                                                                                                 |                                   |                                  |                               
internal4:0.0179                                                    internal3:0.0282                                                                                                        internal8:0.0195                                                                                  Neolamprologus_tetracanthus:0.07895 Ophthalmotilapia_ventralis:0.00575 Neolamprologus_brichardi:0.00575
|                                                                   |                                                                                                                       |                                                                                                                                                                                                        
+------------------------------------+                              +-------------------------------+                                                                                       +---------------------------------------------------------------+                                                                                                        
|                                    |                              |                               |                                                                                       |                                                               |                                
Lepidiolamprologus_elongatus:0.04195 Julidochromis_marlieri:0.04195 Xenotilapia_flavipinnus:0.03165 internal2:0.0128                                                                        internal9:0.0416                                                Telmatochromis_temporalis:0.06375
                                                                                                    |                                                                                       |                                                                                                
                                                                                                    +------------------------+                                                              +-------------------------------+                               
                                                                                                    |                        |                                                              |                               |                              
                                                                                                    Xenotilapia_sima:0.01885 internal1:0.0054                                               Chalinochromis_popeleni:0.02215 Lamprologus_callipterus:0.02215
                                                                                                                             |                                                                                                                             
                                                                                                                             +----------------------------+                                                                 
                                                                                                                             |                            |                                
                                                                                                                             Callochromis_macrops:0.01345 Cardiopharynx_schoutedeni:0.01345
                                                                                                                                                                                           
                                                                                                                                                          

        Score for current block of repeats (Method=PGAS4K2PBF,IterScale=5000.0,TreeName=fish.msf) {
          Current PartitionMetric:14.0
          Current RobinsonFouldsMetric:0.37905000000000005
          Current KuhnerFelsenstein:0.0096615025
        }
      } [15h12m, cum. 15h12m]
    } [15h12m, cum. 15h12m]
  } [15h12m, cum. 15h12m]
  Execution directory: /project/6003576/shijia57/Cedar/new_realdata2/Fish_PGAS/K10000/work/1f/270781d94103a712601facad65193d/state/execs/0.exec
} [15h12m]
/project/6003576/shijia57/Cedar/new_realdata2/Fish_PGAS/K10000/work/fa/65771e04c0a667287d7a96faebfdba
main() {
  Execution directory: /project/6003576/shijia57/Cedar/new_realdata2/Fish_PGAS/K10000/work/fa/65771e04c0a667287d7a96faebfdba/state/execs/0.exec
  Copying data to /project/6003576/shijia57/Cedar/new_realdata2/Fish_PGAS/K10000/work/fa/65771e04c0a667287d7a96faebfdba/state/execs/0.exec/output
  
  Current tree:fish.msf {
    Current method:PGAS4K2PBF with iterScale=5000.0 (i.e. 5000000.0 iterations) {
      Repeat 1/1 {
         # particles: 10000; nMCMC:5000
        WARNING: Fix bug (leaf branch lengths not taken into account
internal6
|        
+---------------------------------------------------------------------------------------------------------------------------------------------------------------------------------------+-------------------------------------------------------------------------------------------------------------------------------------+
|                                                                                                                                                                                       |                                                                                                                                     |               
internal5:0.003                                                                                                                                                                         internal7:0.0155                                                                                                                      internal0:0.0565
|                                                                                                                                                                                       |                                                                                                                                     |               
+-------------------------------------------------------------------+                                                                                                                   +-------------------------------------------------------------------------------------------------+                                   +----------------------------------+
|                                                                   |                                                                                                                   |                                                                                                 |                                   |                                  |                               
internal4:0.0182                                                    internal3:0.02605                                                                                                   internal8:0.0162                                                                                  Neolamprologus_tetracanthus:0.07765 Ophthalmotilapia_ventralis:0.00505 Neolamprologus_brichardi:0.00505
|                                                                   |                                                                                                                   |                                                                                                                                                                                                        
+------------------------------------+                              +------------------------------+                                                                                    +---------------------------------------------------------------+                                                                                                        
|                                    |                              |                              |                                                                                    |                                                               |                                
Lepidiolamprologus_elongatus:0.04065 Julidochromis_marlieri:0.04065 Xenotilapia_flavipinnus:0.0322 internal2:0.0101                                                                     internal9:0.0285                                                Telmatochromis_temporalis:0.06345
                                                                                                   |                                                                                    |                                                                                                
                                                                                                   +-----------------------+                                                            +-------------------------------+                               
                                                                                                   |                       |                                                            |                               |                              
                                                                                                   Xenotilapia_sima:0.0221 internal1:0.0103                                             Chalinochromis_popeleni:0.03495 Lamprologus_callipterus:0.03495
                                                                                                                           |                                                                                                                           
                                                                                                                           +---------------------------+                                                                
                                                                                                                           |                           |                               
                                                                                                                           Callochromis_macrops:0.0118 Cardiopharynx_schoutedeni:0.0118
                                                                                                                                                                                       
                                                                                                                                                       

        Score for current block of repeats (Method=PGAS4K2PBF,IterScale=5000.0,TreeName=fish.msf) {
          Current PartitionMetric:14.0
          Current RobinsonFouldsMetric:0.36330000000000007
          Current KuhnerFelsenstein:0.00784563
        }
      } [15h28m, cum. 15h28m]
    } [15h28m, cum. 15h28m]
  } [15h28m, cum. 15h28m]
  Execution directory: /project/6003576/shijia57/Cedar/new_realdata2/Fish_PGAS/K10000/work/fa/65771e04c0a667287d7a96faebfdba/state/execs/0.exec
} [15h28m]
/project/6003576/shijia57/Cedar/new_realdata2/Fish_PGAS/K10000/work/55/d2b904d6fdae4dbe4ae749ac04bd85
main() {
  Execution directory: /project/6003576/shijia57/Cedar/new_realdata2/Fish_PGAS/K10000/work/55/d2b904d6fdae4dbe4ae749ac04bd85/state/execs/0.exec
  Copying data to /project/6003576/shijia57/Cedar/new_realdata2/Fish_PGAS/K10000/work/55/d2b904d6fdae4dbe4ae749ac04bd85/state/execs/0.exec/output
  
  Current tree:fish.msf {
    Current method:PGAS4K2PBF with iterScale=5000.0 (i.e. 5000000.0 iterations) {
      Repeat 1/1 {
         # particles: 10000; nMCMC:5000
        WARNING: Fix bug (leaf branch lengths not taken into account
internal6
|        
+-----------------------------------------------------------------------------------------------------------------------------------------------------------------------------------------+---------------------------------------------------------------------------------------------------------------------------------+
|                                                                                                                                                                                         |                                                                                                                                 |                
internal5:0.0062                                                                                                                                                                          internal7:0.01465                                                                                                                 internal0:0.01925
|                                                                                                                                                                                         |                                                                                                                                 |                
+-----------------------------------------------------------------+                                                                                                                       +----------------------------------------------------------------------------------------------+                                  +-----------------------------------+
|                                                                 |                                                                                                                       |                                                                                              |                                  |                                   |                            
internal1:0.03605                                                 internal4:0.0286                                                                                                        internal8:0.0165                                                                               Neolamprologus_tetracanthus:0.0717 Lepidiolamprologus_elongatus:0.0378 Julidochromis_marlieri:0.0378
|                                                                 |                                                                                                                       |                                                                                                                                                                                                  
+---------------------------------+                               +-------------------------------+                                                                                       +-------------------------------------------------------------+                                                                                                       
|                                 |                               |                               |                                                                                       |                                                             |                               
Ophthalmotilapia_ventralis:0.0148 Neolamprologus_brichardi:0.0148 Xenotilapia_flavipinnus:0.02225 internal3:0.0121                                                                        internal9:0.0183                                              Telmatochromis_temporalis:0.0754
                                                                                                  |                                                                                       |                                                                                             
                                                                                                  +------------------------+                                                              +------------------------------+                              
                                                                                                  |                        |                                                              |                              |                             
                                                                                                  Xenotilapia_sima:0.01015 internal2:0.0039                                               Chalinochromis_popeleni:0.0571 Lamprologus_callipterus:0.0571
                                                                                                                           |                                                                                                                           
                                                                                                                           +----------------------------+                                                                
                                                                                                                           |                            |                                
                                                                                                                           Callochromis_macrops:0.00625 Cardiopharynx_schoutedeni:0.00625
                                                                                                                                                                                         
                                                                                                                                                        

        Score for current block of repeats (Method=PGAS4K2PBF,IterScale=5000.0,TreeName=fish.msf) {
          Current PartitionMetric:14.0
          Current RobinsonFouldsMetric:0.3609
          Current KuhnerFelsenstein:0.0076992
        }
      } [15h32m, cum. 15h32m]
    } [15h32m, cum. 15h32m]
  } [15h32m, cum. 15h32m]
  Execution directory: /project/6003576/shijia57/Cedar/new_realdata2/Fish_PGAS/K10000/work/55/d2b904d6fdae4dbe4ae749ac04bd85/state/execs/0.exec
} [15h32m]
/project/6003576/shijia57/Cedar/new_realdata2/Fish_PGAS/K10000/work/f6/4e600d6b78639266fe6fc9cddc3231
main() {
  Execution directory: /project/6003576/shijia57/Cedar/new_realdata2/Fish_PGAS/K10000/work/f6/4e600d6b78639266fe6fc9cddc3231/state/execs/0.exec
  Copying data to /project/6003576/shijia57/Cedar/new_realdata2/Fish_PGAS/K10000/work/f6/4e600d6b78639266fe6fc9cddc3231/state/execs/0.exec/output
  
  Current tree:fish.msf {
    Current method:PGAS4K2PBF with iterScale=5000.0 (i.e. 5000000.0 iterations) {
      Repeat 1/1 {
         # particles: 10000; nMCMC:5000
        WARNING: Fix bug (leaf branch lengths not taken into account
internal6
|        
+-------------------------------------------------------------------------------------------------------------------------------------+---------------------------------------------------------------------------------------------------------------------------------+
|                                                                                                                                     |                                                                                                                                 |                
internal5:8.2E-4                                                                                                                      internal7:0.01588                                                                                                                 internal2:0.03143
|                                                                                                                                     |                                                                                                                                 |                
+-------------------------------------------------------------------+                                                                 +---------------------------------------------------------------------------------------------+                                   +-------------------------------+
|                                                                   |                                                                 |                                                                                             |                                   |                               |               
internal4:0.01973                                                   internal3:0.06142                                                 internal8:0.0186                                                                              Neolamprologus_tetracanthus:0.07835 Xenotilapia_flavipinnus:0.03125 internal1:0.0117
|                                                                   |                                                                 |                                                                                                                                                                 |               
+------------------------------------+                              +---------------------------------+                               +-----------------------------------------------------------+                                                                                                     +------------------------+
|                                    |                              |                                 |                               |                                                           |                                                                                                     |                        |                
Lepidiolamprologus_elongatus:0.04205 Julidochromis_marlieri:0.04205 Ophthalmotilapia_ventralis:5.0E-4 Neolamprologus_brichardi:5.0E-4 internal9:0.02885                                           Telmatochromis_temporalis:0.06585                                                                     Xenotilapia_sima:0.01955 internal0:0.01065
                                                                                                                                      |                                                                                                                                                                                          |                
                                                                                                                                      +-----------------------------+                                                                                                                                                            +---------------------------+
                                                                                                                                      |                             |                                                                                                                                                            |                           |                               
                                                                                                                                      Chalinochromis_popeleni:0.037 Lamprologus_callipterus:0.037                                                                                                                                Callochromis_macrops:0.0089 Cardiopharynx_schoutedeni:0.0089
                                                                                                                                                                                                                                                                                                                                                                                             
                                                                                                                                                                                                                                                                                                                                                             

        Score for current block of repeats (Method=PGAS4K2PBF,IterScale=5000.0,TreeName=fish.msf) {
          Current PartitionMetric:14.0
          Current RobinsonFouldsMetric:0.35847
          Current KuhnerFelsenstein:0.008015913500000001
        }
      } [15h46m, cum. 15h46m]
    } [15h46m, cum. 15h46m]
  } [15h46m, cum. 15h46m]
  Execution directory: /project/6003576/shijia57/Cedar/new_realdata2/Fish_PGAS/K10000/work/f6/4e600d6b78639266fe6fc9cddc3231/state/execs/0.exec
} [15h46m]
/project/6003576/shijia57/Cedar/new_realdata2/Fish_PGAS/K10000/work/c1/d61f461b027fe4ededbb98363fe7f0
main() {
  Execution directory: /project/6003576/shijia57/Cedar/new_realdata2/Fish_PGAS/K10000/work/c1/d61f461b027fe4ededbb98363fe7f0/state/execs/0.exec
  Copying data to /project/6003576/shijia57/Cedar/new_realdata2/Fish_PGAS/K10000/work/c1/d61f461b027fe4ededbb98363fe7f0/state/execs/0.exec/output
  
  Current tree:fish.msf {
    Current method:PGAS4K2PBF with iterScale=5000.0 (i.e. 5000000.0 iterations) {
      Repeat 1/1 {
         # particles: 10000; nMCMC:5000
        WARNING: Fix bug (leaf branch lengths not taken into account
internal6
|        
+-----------------------------------------------------------------+------------------------------------------------------------------------------------------------------------------------------------+
|                                                                 |                                                                                                                                    |               
internal5:0.02355                                                 internal7:0.0148                                                                                                                     internal4:0.0011
|                                                                 |                                                                                                                                    |               
+-----------------------------------+                             +------------------------------------------------------------------------------------------------+                                   +---------------------------------------------------------------------------------------------------------------------+
|                                   |                             |                                                                                                |                                   |                                                                                                                     |               
Lepidiolamprologus_elongatus:0.0459 Julidochromis_marlieri:0.0459 internal8:0.01835                                                                                Neolamprologus_tetracanthus:0.08385 internal2:0.03115                                                                                                     internal3:0.0607
                                                                  |                                                                                                                                    |                                                                                                                     |               
                                                                  +---------------------------------------------------------------+                                                                    +-------------------------------+                                                                                     +---------------------------------+
                                                                  |                                                               |                                                                    |                               |                                                                                     |                                 |                              
                                                                  internal9:0.02845                                               Telmatochromis_temporalis:0.0723                                     Xenotilapia_flavipinnus:0.03715 internal1:0.012                                                                       Ophthalmotilapia_ventralis:0.0077 Neolamprologus_brichardi:0.0077
                                                                  |                                                                                                                                                                    |                                                                                                                                                      
                                                                  +-------------------------------+                                                                                                                                    +------------------------+                                                                                              
                                                                  |                               |                                                                                                                                    |                        |                
                                                                  Chalinochromis_popeleni:0.04385 Lamprologus_callipterus:0.04385                                                                                                      Xenotilapia_sima:0.02515 internal0:0.00935
                                                                                                                                                                                                                                                                |                
                                                                                                                                                                                                                                                                +---------------------------+
                                                                                                                                                                                                                                                                |                           |                               
                                                                                                                                                                                                                                                                Callochromis_macrops:0.0158 Cardiopharynx_schoutedeni:0.0158
                                                                                                                                                                                                                                                                                                                            
                                                                                                                                                                                                                                                                                            

        Score for current block of repeats (Method=PGAS4K2PBF,IterScale=5000.0,TreeName=fish.msf) {
          Current PartitionMetric:14.0
          Current RobinsonFouldsMetric:0.38815
          Current KuhnerFelsenstein:0.0084615975
        }
      } [15h56m, cum. 15h56m]
    } [15h56m, cum. 15h56m]
  } [15h56m, cum. 15h56m]
  Execution directory: /project/6003576/shijia57/Cedar/new_realdata2/Fish_PGAS/K10000/work/c1/d61f461b027fe4ededbb98363fe7f0/state/execs/0.exec
} [15h56m]
/project/6003576/shijia57/Cedar/new_realdata2/Fish_PGAS/K10000/work/a0/8eb0502d64dfc6f1839af68c07d52a
main() {
  Execution directory: /project/6003576/shijia57/Cedar/new_realdata2/Fish_PGAS/K10000/work/a0/8eb0502d64dfc6f1839af68c07d52a/state/execs/0.exec
  Copying data to /project/6003576/shijia57/Cedar/new_realdata2/Fish_PGAS/K10000/work/a0/8eb0502d64dfc6f1839af68c07d52a/state/execs/0.exec/output
  
  Current tree:fish.msf {
    Current method:PGAS4K2PBF with iterScale=5000.0 (i.e. 5000000.0 iterations) {
      Repeat 1/1 {
         # particles: 10000; nMCMC:5000
        WARNING: Fix bug (leaf branch lengths not taken into account
internal6
|        
+-----------------------------------------------------------------------------------------------------------------------------------------------------------------------------------------+------------------------------------------------------------------------------------------------------------------------------------+
|                                                                                                                                                                                         |                                                                                                                                    |                
internal5:0.0154                                                                                                                                                                          internal7:0.0148                                                                                                                     internal0:0.04705
|                                                                                                                                                                                         |                                                                                                                                    |                
+-------------------------------------------------------------------+                                                                                                                     +------------------------------------------------------------------------------------------------+                                   +---------------------------------+
|                                                                   |                                                                                                                     |                                                                                                |                                   |                                 |                              
internal4:0.0073                                                    internal3:0.0119                                                                                                      internal8:0.01945                                                                                Neolamprologus_tetracanthus:0.07395 Ophthalmotilapia_ventralis:0.0131 Neolamprologus_brichardi:0.0131
|                                                                   |                                                                                                                     |                                                                                                                                                                                                     
+------------------------------------+                              +-------------------------------+                                                                                     +---------------------------------------------------------------+                                                                                                      
|                                    |                              |                               |                                                                                     |                                                               |                               
Lepidiolamprologus_elongatus:0.03745 Julidochromis_marlieri:0.03745 Xenotilapia_flavipinnus:0.03285 internal2:0.0186                                                                      internal9:0.03425                                               Telmatochromis_temporalis:0.0559
                                                                                                    |                                                                                     |                                                                                               
                                                                                                    +------------------------+                                                            +-------------------------------+                               
                                                                                                    |                        |                                                            |                               |                              
                                                                                                    Xenotilapia_sima:0.01425 internal1:0.00605                                            Chalinochromis_popeleni:0.02165 Lamprologus_callipterus:0.02165
                                                                                                                             |                                                                                                                           
                                                                                                                             +---------------------------+                                                                
                                                                                                                             |                           |                               
                                                                                                                             Callochromis_macrops:0.0082 Cardiopharynx_schoutedeni:0.0082
                                                                                                                                                                                         
                                                                                                                                                         

        Score for current block of repeats (Method=PGAS4K2PBF,IterScale=5000.0,TreeName=fish.msf) {
          Current PartitionMetric:14.0
          Current RobinsonFouldsMetric:0.41129999999999994
          Current KuhnerFelsenstein:0.009555295000000004
        }
      } [16h10m, cum. 16h10m]
    } [16h10m, cum. 16h10m]
  } [16h10m, cum. 16h10m]
  Execution directory: /project/6003576/shijia57/Cedar/new_realdata2/Fish_PGAS/K10000/work/a0/8eb0502d64dfc6f1839af68c07d52a/state/execs/0.exec
} [16h10m]
/project/6003576/shijia57/Cedar/new_realdata2/Fish_PGAS/K10000/work/78/6331f2c7580d9f5e66241b7457a017
main() {
  Execution directory: /project/6003576/shijia57/Cedar/new_realdata2/Fish_PGAS/K10000/work/78/6331f2c7580d9f5e66241b7457a017/state/execs/0.exec
  Copying data to /project/6003576/shijia57/Cedar/new_realdata2/Fish_PGAS/K10000/work/78/6331f2c7580d9f5e66241b7457a017/state/execs/0.exec/output
  
  Current tree:fish.msf {
    Current method:PGAS4K2PBF with iterScale=5000.0 (i.e. 5000000.0 iterations) {
      Repeat 1/1 {
         # particles: 10000; nMCMC:5000
        WARNING: Fix bug (leaf branch lengths not taken into account
internal6
|        
+--------------------------------------------------------------------------------------------------------------------+-----------------------------------------------------------------------------------------------------------------------------------+
|                                                                                                                    |                                                                                                                                   |                
internal5:0.03443                                                                                                    internal7:0.01497                                                                                                                   internal2:0.00118
|                                                                                                                    |                                                                                                                                   |                
+-------------------------------+                                                                                    +-----------------------------------------------------------------------------------------------+                                   +-----------------------------------------------------------------+
|                               |                                                                                    |                                                                                               |                                   |                                                                 |                
Xenotilapia_flavipinnus:0.03055 internal4:0.01545                                                                    internal8:0.0183                                                                                Neolamprologus_tetracanthus:0.07995 internal0:0.05766                                                 internal1:0.02044
                                |                                                                                    |                                                                                                                                   |                                                                 |                
                                +--------------------------------+                                                   +-------------------------------------------------------------+                                                                     +---------------------------------+                               +-----------------------------------+
                                |                                |                                                   |                                                             |                                                                     |                                 |                               |                                   |                            
                                Cardiopharynx_schoutedeni:0.0151 internal3:0.0042                                    internal9:0.02655                                             Telmatochromis_temporalis:0.06795                                     Ophthalmotilapia_ventralis:0.0049 Neolamprologus_brichardi:0.0049 Lepidiolamprologus_elongatus:0.0446 Julidochromis_marlieri:0.0446
                                                                 |                                                   |                                                                                                                                                                                                                                                                      
                                                                 +---------------------------+                       +------------------------------+                                                                                                                                                                                                          
                                                                 |                           |                       |                              |                             
                                                                 Callochromis_macrops:0.0109 Xenotilapia_sima:0.0109 Chalinochromis_popeleni:0.0414 Lamprologus_callipterus:0.0414
                                                                                                                                                                                  
                                                                                                                                                    

        Score for current block of repeats (Method=PGAS4K2PBF,IterScale=5000.0,TreeName=fish.msf) {
          Current PartitionMetric:12.0
          Current RobinsonFouldsMetric:0.34159999999999996
          Current KuhnerFelsenstein:0.007708352400000002
        }
      } [16h28m, cum. 16h28m]
    } [16h28m, cum. 16h28m]
  } [16h28m, cum. 16h28m]
  Execution directory: /project/6003576/shijia57/Cedar/new_realdata2/Fish_PGAS/K10000/work/78/6331f2c7580d9f5e66241b7457a017/state/execs/0.exec
} [16h28m]
/project/6003576/shijia57/Cedar/new_realdata2/Fish_PGAS/K10000/work/c2/fd2925b2b33c7561a09f211412230c
main() {
  Execution directory: /project/6003576/shijia57/Cedar/new_realdata2/Fish_PGAS/K10000/work/c2/fd2925b2b33c7561a09f211412230c/state/execs/0.exec
  Copying data to /project/6003576/shijia57/Cedar/new_realdata2/Fish_PGAS/K10000/work/c2/fd2925b2b33c7561a09f211412230c/state/execs/0.exec/output
  
  Current tree:fish.msf {
    Current method:PGAS4K2PBF with iterScale=5000.0 (i.e. 5000000.0 iterations) {
      Repeat 1/1 {
         # particles: 10000; nMCMC:5000
        WARNING: Fix bug (leaf branch lengths not taken into account
internal6
|        
+---------------------------------------------------------------------------------------------------------------------------------------------------------------------------------------+-----------------------------------------------------------------------------------------------------------------------------------+
|                                                                                                                                                                                       |                                                                                                                                   |                
internal5:4.2E-4                                                                                                                                                                        internal7:0.01548                                                                                                                   internal0:0.06268
|                                                                                                                                                                                       |                                                                                                                                   |                
+-------------------------------------------------------------------+                                                                                                                   +-----------------------------------------------------------------------------------------------+                                   +---------------------------------+
|                                                                   |                                                                                                                   |                                                                                               |                                   |                                 |                              
internal4:0.02093                                                   internal3:0.02233                                                                                                   internal8:0.01865                                                                               Neolamprologus_tetracanthus:0.08115 Ophthalmotilapia_ventralis:0.0032 Neolamprologus_brichardi:0.0032
|                                                                   |                                                                                                                   |                                                                                                                                                                                                    
+------------------------------------+                              +------------------------------+                                                                                    +---------------------------------------------------------------+                                                                                                     
|                                    |                              |                              |                                                                                    |                                                               |                              
Lepidiolamprologus_elongatus:0.04435 Julidochromis_marlieri:0.04435 Xenotilapia_flavipinnus:0.0433 internal2:0.022                                                                      internal9:0.03255                                               Telmatochromis_temporalis:0.069
                                                                                                   |                                                                                    |                                                                                              
                                                                                                   +---------------------------+                                                        +-------------------------------+                               
                                                                                                   |                           |                                                        |                               |                              
                                                                                                   Callochromis_macrops:0.0213 internal1:0.011                                          Chalinochromis_popeleni:0.03645 Lamprologus_callipterus:0.03645
                                                                                                                               |                                                                                                                       
                                                                                                                               +-----------------------+                                                                
                                                                                                                               |                       |                               
                                                                                                                               Xenotilapia_sima:0.0103 Cardiopharynx_schoutedeni:0.0103
                                                                                                                                                                                       
                                                                                                                                                       

        Score for current block of repeats (Method=PGAS4K2PBF,IterScale=5000.0,TreeName=fish.msf) {
          Current PartitionMetric:14.0
          Current RobinsonFouldsMetric:0.37587999999999994
          Current KuhnerFelsenstein:0.008743516
        }
      } [16h29m, cum. 16h29m]
    } [16h29m, cum. 16h29m]
  } [16h29m, cum. 16h29m]
  Execution directory: /project/6003576/shijia57/Cedar/new_realdata2/Fish_PGAS/K10000/work/c2/fd2925b2b33c7561a09f211412230c/state/execs/0.exec
} [16h29m]
/project/6003576/shijia57/Cedar/new_realdata2/Fish_PGAS/K10000/work/68/334800c946939174f48318b641f3b2
main() {
  Execution directory: /project/6003576/shijia57/Cedar/new_realdata2/Fish_PGAS/K10000/work/68/334800c946939174f48318b641f3b2/state/execs/0.exec
  Copying data to /project/6003576/shijia57/Cedar/new_realdata2/Fish_PGAS/K10000/work/68/334800c946939174f48318b641f3b2/state/execs/0.exec/output
  
  Current tree:fish.msf {
    Current method:PGAS4K2PBF with iterScale=5000.0 (i.e. 5000000.0 iterations) {
      Repeat 1/1 {
         # particles: 10000; nMCMC:5000
        WARNING: Fix bug (leaf branch lengths not taken into account
internal6
|        
+------------------------------------------------------------------------------------------------------------------------------------------------------------------------------------+------------------------------------------------------------------------------------------------------------------------------------+
|                                                                                                                                                                                    |                                                                                                                                    |                
internal5:0.00202                                                                                                                                                                    internal7:0.01557                                                                                                                    internal0:0.02208
|                                                                                                                                                                                    |                                                                                                                                    |                
+---------------------------------------------------------------+                                                                                                                    +------------------------------------------------------------------------------------------------+                                   +---------------------------------+
|                                                               |                                                                                                                    |                                                                                                |                                   |                                 |                          
internal1:0.05577                                               internal4:0.02933                                                                                                    internal8:0.01925                                                                                Neolamprologus_tetracanthus:0.07745 Lepidiolamprologus_elongatus:0.04 Julidochromis_marlieri:0.04
|                                                               |                                                                                                                    |                                                                                                                                                                                                 
+--------------------------------+                              +------------------------------+                                                                                     +---------------------------------------------------------------+                                                                                                      
|                                |                              |                              |                                                                                     |                                                               |                               
Ophthalmotilapia_ventralis:0.004 Neolamprologus_brichardi:0.004 Xenotilapia_flavipinnus:0.0308 internal3:0.0128                                                                      internal9:0.02885                                               Telmatochromis_temporalis:0.0657
                                                                                               |                                                                                     |                                                                                               
                                                                                               +----------------------+                                                              +-------------------------------+                               
                                                                                               |                      |                                                              |                               |                              
                                                                                               Xenotilapia_sima:0.018 internal2:0.00215                                              Chalinochromis_popeleni:0.03685 Lamprologus_callipterus:0.03685
                                                                                                                      |                                                                                                                             
                                                                                                                      +----------------------------+                                                                 
                                                                                                                      |                            |                                
                                                                                                                      Callochromis_macrops:0.01585 Cardiopharynx_schoutedeni:0.01585
                                                                                                                                                                                    
                                                                                                                                                   

        Score for current block of repeats (Method=PGAS4K2PBF,IterScale=5000.0,TreeName=fish.msf) {
          Current PartitionMetric:14.0
          Current RobinsonFouldsMetric:0.36048
          Current KuhnerFelsenstein:0.007919896
        }
      } [16h41m, cum. 16h41m]
    } [16h41m, cum. 16h41m]
  } [16h41m, cum. 16h41m]
  Execution directory: /project/6003576/shijia57/Cedar/new_realdata2/Fish_PGAS/K10000/work/68/334800c946939174f48318b641f3b2/state/execs/0.exec
} [16h41m]
/project/6003576/shijia57/Cedar/new_realdata2/Fish_PGAS/K10000/work/a7/5ad8f6a3f359ec10284b21088463cc
main() {
  Execution directory: /project/6003576/shijia57/Cedar/new_realdata2/Fish_PGAS/K10000/work/a7/5ad8f6a3f359ec10284b21088463cc/state/execs/0.exec
  Copying data to /project/6003576/shijia57/Cedar/new_realdata2/Fish_PGAS/K10000/work/a7/5ad8f6a3f359ec10284b21088463cc/state/execs/0.exec/output
  
  Current tree:fish.msf {
    Current method:PGAS4K2PBF with iterScale=5000.0 (i.e. 5000000.0 iterations) {
      Repeat 1/1 {
         # particles: 10000; nMCMC:5000
        WARNING: Fix bug (leaf branch lengths not taken into account
internal6
|        
+-----------------------------------------------------------------------------------------------------------------------------------------------------------------------------------------+----------------------------------------------------------------------------------------------------------------------------------+
|                                                                                                                                                                                         |                                                                                                                                  |                
internal5:0.00105                                                                                                                                                                         internal7:0.01555                                                                                                                  internal0:0.05655
|                                                                                                                                                                                         |                                                                                                                                  |                
+-------------------------------------------------------------------+                                                                                                                     +-----------------------------------------------------------------------------------------------+                                  +---------------------------------+
|                                                                   |                                                                                                                     |                                                                                               |                                  |                                 |                              
internal4:0.0208                                                    internal3:0.02675                                                                                                     internal8:0.0188                                                                                Neolamprologus_tetracanthus:0.0741 Ophthalmotilapia_ventralis:0.0016 Neolamprologus_brichardi:0.0016
|                                                                   |                                                                                                                     |                                                                                                                                                                                                   
+------------------------------------+                              +------------------------------+                                                                                      +---------------------------------------------------------------+                                                                                                    
|                                    |                              |                              |                                                                                      |                                                               |                              
Lepidiolamprologus_elongatus:0.03645 Julidochromis_marlieri:0.03645 Xenotilapia_flavipinnus:0.0302 internal2:0.0183                                                                       internal9:0.04265                                               Telmatochromis_temporalis:0.061
                                                                                                   |                                                                                      |                                                                                              
                                                                                                   +-----------------------+                                                              +-------------------------------+                               
                                                                                                   |                       |                                                              |                               |                              
                                                                                                   Xenotilapia_sima:0.0119 internal1:0.00595                                              Chalinochromis_popeleni:0.01835 Lamprologus_callipterus:0.01835
                                                                                                                           |                                                                                                                             
                                                                                                                           +----------------------------+                                                                 
                                                                                                                           |                            |                                
                                                                                                                           Callochromis_macrops:0.00595 Cardiopharynx_schoutedeni:0.00595
                                                                                                                                                                                         
                                                                                                                                                        

        Score for current block of repeats (Method=PGAS4K2PBF,IterScale=5000.0,TreeName=fish.msf) {
          Current PartitionMetric:14.0
          Current RobinsonFouldsMetric:0.36745
          Current KuhnerFelsenstein:0.009984727499999999
        }
      } [18h17m, cum. 18h17m]
    } [18h17m, cum. 18h17m]
  } [18h17m, cum. 18h17m]
  Execution directory: /project/6003576/shijia57/Cedar/new_realdata2/Fish_PGAS/K10000/work/a7/5ad8f6a3f359ec10284b21088463cc/state/execs/0.exec
} [18h17m]
[b2/bc4fa2] Submitted process > aggregate
ERROR ~ Error executing process > 'aggregate'

Caused by:
  Process `aggregate` terminated with an error exit status (2)

Command executed:

  ./code/bin/csv-aggregate     --experimentConfigs.managedExecutionFolder false     --experimentConfigs.saveStandardStreams false     --experimentConfigs.recordExecutionInfo false     --argumentFileName state/execs/0.exec/options.map     --argumentsKeys    gen.rand  PGSExperiments.iterScalings PGSExperiments.methods PGSExperiments.mainRand PGSExperiments.nParticlesEachStep    --dataPathInEachExecFolder state/execs/0.exec/results/logZout.csv     --outputFolderName aggregated

Command exit status:
  2

Command output:
  (empty)

Command error:
    --dataPathInEachExecFolder state/execs/0.exec/results/logZout.csv    # <String> (mandatory)
  #   description: Comma separated value (cvs) file in each exec containing the data to be aggregated.
  
  # --execFoldersPrefix <String> (default value: exec_)
  #   description: Prefix of the directories, each containing stored command line arguments stored in tab separated values as well data in csv format.
  
  # --experimentConfigs.configFile <File> (optional)
  #   description: If set, use those arguments in provided file that do not appear in the provided arguments.
  
    --experimentConfigs.managedExecutionFolder false    # <boolean> (default value: true)
  #   description: Automatically organize results into subdirectories of 'results/all'?
  
    --experimentConfigs.recordExecutionInfo false    # <boolean> (default value: true)
  #   description: Record information such as timing, main class, code version, etc for this run?
  
    --experimentConfigs.saveStandardStreams false    # <boolean> (default value: true)
  #   description: Save combined standard out and err into a file?
  
  # --keys <String> (mandatory)
  #   description: Command line arguments stored in tab separated values for each exec. Syntax: comma separated list of (<key> [as <transformed-key>] )* from [optional] <tsv-file-in-each-exec>
  # ! Did not instantiate <java.lang.String> because of missing input
  
    --outputFolderName aggregated    # <String> (default value: aggregated)
  
  ### Errors:
  
  #   error @ argumentFileName
  # ! Unknown input
  
  #   error @ argumentsKeys
  # ! Unknown input

Work dir:
  /project/6003576/shijia57/Cedar/new_realdata2/Fish_PGAS/K10000/work/b2/bc4fa20dceeb657964392ef36fdea8

Tip: you can replicate the issue by changing to the process work dir and entering the command `bash .command.run`

 -- Check '.nextflow.log' file for details
