tput: terminal attributes: No such device or address

tput: terminal attributes: No such device or address

tput: terminal attributes: No such device or address

tput: terminal attributes: No such device or address

tput: terminal attributes: No such device or address

N E X T F L O W  ~  version 0.30.2
Launching `prime.nf` [serene_stone] - revision: 2871fbee0f
[warm up] executor > local
[warm up] executor > slurm
[a5/252208] Submitted process > buildCode
[df/5e713c] Submitted process > analysisCode
[9f/f9883f] Submitted process > summarizePipeline
[c3/327f3d] Submitted process > run (2)
[8f/feb469] Submitted process > run (3)
[18/53e411] Submitted process > run (1)
/project/6003576/shijia57/Cedar/June31/Fish_PGS/work/c3/327f3db2e2130f0e2f3b0793037b87
main() {
  Execution directory: /project/6003576/shijia57/Cedar/June31/Fish_PGS/work/c3/327f3db2e2130f0e2f3b0793037b87/state/execs/0.exec
  Copying data to /project/6003576/shijia57/Cedar/June31/Fish_PGS/work/c3/327f3db2e2130f0e2f3b0793037b87/state/execs/0.exec/output
  
  Current tree:fish.msf {
    Current method:PGS4K2P with iterScale=5000.0 (i.e. 5000000.0 iterations) {
      Repeat 1/10 {
         # particles: 5000; nMCMC:5000
        WARNING: Fix bug (leaf branch lengths not taken into account
internal6
|        
+----------------------------+------------------------------------------------------------------------------------------------------------------------------------------------------------------------------------------------------------------------------------------------------------------------------------------------------------------------------------+
|                            |                                                                                                                                                                                                                                                                                                                                    |                             
Callochromis_macrops:0.00375 internal8:0.0015                                                                                                                                                                                                                                                                                                                     Julidochromis_marlieri:0.00375
                             |                                                                                                                                                                                                                                                                                                                                                                  
                             +-----------------------------------------------------------------+                                                                                                                                                                                                                                                                  
                             |                                                                 |               
                             internal7:9.5E-4                                                  internal9:0.0104
                             |                                                                 |               
                             +---------------------------------+                               +----------------------------------------------------------------------------------------------------------------------------------------------------------------------------------------------------------------------------------+
                             |                                 |                               |                                                                                                                                                                                                                                  |                              
                             Ophthalmotilapia_ventralis:0.0043 Neolamprologus_brichardi:0.0043 internal5:0.0079                                                                                                                                                                                                                   Lamprologus_callipterus:0.01565
                                                                                               |                                                                                                                                                                                                                                                                 
                                                                                               +---------------------------------------------------------------+                                                                                                                                                                  
                                                                                               |                                                               |               
                                                                                               internal4:0.00385                                               internal3:0.0422
                                                                                               |                                                               |               
                                                                                               +------------------------------+                                +--------------------------------------------------------------------+
                                                                                               |                              |                                |                                                                    |                
                                                                                               Xenotilapia_flavipinnus:0.0197 Cardiopharynx_schoutedeni:0.0197 internal2:0.0566                                                     internal1:0.15445
                                                                                                                                                               |                                                                    |                
                                                                                                                                                               +-------------------------------+                                    +--------------------------------+
                                                                                                                                                               |                               |                                    |                                |                
                                                                                                                                                               Chalinochromis_popeleni:0.00915 Lepidiolamprologus_elongatus:0.00915 Telmatochromis_temporalis:0.1516 internal0:0.14245
                                                                                                                                                                                                                                                                     |                
                                                                                                                                                                                                                                                                     +-----------------------------------+
                                                                                                                                                                                                                                                                     |                                   |                       
                                                                                                                                                                                                                                                                     Neolamprologus_tetracanthus:0.00915 Xenotilapia_sima:0.00915
                                                                                                                                                                                                                                                                                                                                 
                                                                                                                                                                                                                                                                                                         

        Score for current block of repeats (Method=PGS4K2P,IterScale=5000.0,TreeName=fish.msf) {
          Current PartitionMetric:16.0
          Current RobinsonFouldsMetric:0.9204999999999999
          Current KuhnerFelsenstein:0.07265563
        }
      } [4h46m, cum. 4h46m]
    } [4h46m, cum. 4h46m]
    Current method:PGS4K2P with iterScale=5000.0 (i.e. 5000000.0 iterations) {
      Repeat 2/10 {
         # particles: 5000; nMCMC:5000
Callochromis_macrops
|                   
|
|                
internal3:0.01945
|                
+--------------------------------+
|                                |                
Neolamprologus_brichardi:0.01945 internal4:0.10215
                                 |                
                                 +------------------------------------------------------------------------------------------------------------------------------------------------------------------------------------------------------+
                                 |                                                                                                                                                                                                      |               
                                 internal5:0.0148                                                                                                                                                                                       internal2:5.5E-4
                                 |                                                                                                                                                                                                      |               
                                 +------------------------------+                                                                                                                                                                       +------------------------+
                                 |                              |                                                                                                                                                                       |                        |               
                                 Chalinochromis_popeleni:0.1068 internal7:0.099                                                                                                                                                         Xenotilapia_sima:0.12445 internal1:0.1048
                                                                |                                                                                                                                                                                                |               
                                                                +--------------------------------------------------------------------+                                                                                                                           +---------------------------------+
                                                                |                                                                    |                                                                                                                           |                                 |                
                                                                internal6:0.00695                                                    internal8:0.00525                                                                                                           Telmatochromis_temporalis:0.01735 internal0:0.01485
                                                                |                                                                    |                                                                                                                                                             |                
                                                                +-----------------------------------+                                +-----------------------------------+                                                                                                                         +------------------------------+
                                                                |                                   |                                |                                   |                                                                                                                         |                              |                            
                                                                Lepidiolamprologus_elongatus:8.5E-4 Cardiopharynx_schoutedeni:8.5E-4 Neolamprologus_tetracanthus:0.00255 internal9:0.00155                                                                                                         Xenotilapia_flavipinnus:0.0025 Julidochromis_marlieri:0.0025
                                                                                                                                                                         |                                                                                                                                                                                     
                                                                                                                                                                         +-----------------------------+                                                                                                                          
                                                                                                                                                                         |                             |                               
                                                                                                                                                                         Lamprologus_callipterus:0.001 Ophthalmotilapia_ventralis:0.001
                                                                                                                                                                                                                                       
                                                                                                                                                                                                       

        Score for current block of repeats (Method=PGS4K2P,IterScale=5000.0,TreeName=fish.msf) {
          Current PartitionMetric:18.0
          Current RobinsonFouldsMetric:0.9612999999999998
          Current KuhnerFelsenstein:0.066087625
        }
      } [4h47m, cum. 4h47m]
    } [4h47m, cum. 9h34m]
    Current method:PGS4K2P with iterScale=5000.0 (i.e. 5000000.0 iterations) {
      Repeat 3/10 {
         # particles: 5000; nMCMC:5000
        ERROR: java.lang.RuntimeException: java.lang.RuntimeException:
fig.basic.Parallelizer.process(Parallelizer.java:75)
pty.smc.ParticleFilter.propagateAndComputeWeights(ParticleFilter.java:139)
pty.smc.ParticleFilter.sample(ParticleFilter.java:241)
phyloPMCMC.PGS4K2P.next(PGS4K2P.java:176)
phyloPMCMC.PGSExperiments$InferenceMethod$9.doIt(PGSExperiments.java:856)
phyloPMCMC.PGSExperiments.treeComparison(PGSExperiments.java:221)
phyloPMCMC.PGSExperiments.run(PGSExperiments.java:1494)
fig.exec.Execution.runWithObjArray(Execution.java:548)
fig.exec.Execution.run(Execution.java:495)
nuts.io.IO.run(IO.java:67)
phyloPMCMC.PGSExperiments.main(PGSExperiments.java:165)
        ERROR: Caused by java.lang.RuntimeException:
nuts.util.MathUtils.normalizeAndGetNorm(MathUtils.java:616)
nuts.util.MathUtils.normalizeAndGetNorm(MathUtils.java:610)
pty.smc.models.FastDiscreteModelCalculator.calculate(FastDiscreteModelCalculator.java:321)
pty.smc.models.FastDiscreteModelCalculator.combine(FastDiscreteModelCalculator.java:52)
pty.smc.PartialCoalescentState.compute(PartialCoalescentState.java:953)
pty.smc.PartialCoalescentState.coalesce(PartialCoalescentState.java:886)
pty.smc.PartialCoalescentState.coalesce(PartialCoalescentState.java:881)
pty.smc.PriorPriorKernel._next(PriorPriorKernel.java:99)
pty.smc.PriorPriorKernel.next(PriorPriorKernel.java:172)
pty.smc.PriorPriorKernel.next(PriorPriorKernel.java:28)
pty.smc.ParticleFilter$1.process(ParticleFilter.java:150)
pty.smc.ParticleFilter$1.process(ParticleFilter.java:139)
fig.basic.Parallelizer$1.run(Parallelizer.java:60)
java.util.concurrent.ThreadPoolExecutor.runWorker(ThreadPoolExecutor.java:1142)
java.util.concurrent.ThreadPoolExecutor$Worker.run(ThreadPoolExecutor.java:617)
java.lang.Thread.run(Thread.java:745)
        Execution directory: /project/6003576/shijia57/Cedar/June31/Fish_PGS/work/c3/327f3db2e2130f0e2f3b0793037b87/state/execs/0.exec
      } [1h15m, cum. 1h15m]
