tput: terminal attributes: No such device or address

tput: terminal attributes: No such device or address

tput: terminal attributes: No such device or address

tput: terminal attributes: No such device or address

tput: terminal attributes: No such device or address

N E X T F L O W  ~  version 0.30.2
Launching `prime.nf` [gloomy_plateau] - revision: 7c181a376b
WARN: It seems you never run this project before -- Option `-resume` is ignored
[warm up] executor > local
[warm up] executor > slurm
[72/c0ddf1] Submitted process > analysisCode
[ae/35ce8c] Submitted process > buildCode
[65/381d78] Submitted process > summarizePipeline
[f5/fab12b] Submitted process > run (4)
[7e/f49b1e] Submitted process > run (3)
[c5/f890d7] Submitted process > run (6)
[3a/f92ecf] Submitted process > run (1)
[12/80cacd] Submitted process > run (7)
[45/d57f06] Submitted process > run (8)
[5a/652c18] Submitted process > run (9)
[ae/5b4ffb] Submitted process > run (10)
[ce/88fdfe] Submitted process > run (2)
[60/b8f9fe] Submitted process > run (5)
/project/6003576/shijia57/Cedar/June22/prime1_IPGS/work/60/b8f9fe77e96e57f239733b1635e327
main() {
  Execution directory: /project/6003576/shijia57/Cedar/June22/prime1_IPGS/work/60/b8f9fe77e96e57f239733b1635e327/state/execs/0.exec
  Copying data to /project/6003576/shijia57/Cedar/June22/prime1_IPGS/work/60/b8f9fe77e96e57f239733b1635e327/state/execs/0.exec/output
  
  Current tree:mtprim9.phy.alter.msf {
    Current method:IPGS4K2PBF with iterScale=5000.0 (i.e. 5000000.0 iterations) {
      Repeat 1/1 {
         # particles: 250; nMCMC:5000
internal6
|        
+----------------------------------------------------------------------------------------------------+----------------+
|                                                                                                    |                |                
internal5:0.03829                                                                                    s-monkey:0.12408 internal0:0.09717
|                                                                                                                     |                
+------------------+                                                                                                  +-------------+
|                  |                                                                                                  |             |              
ce-macaque:0.08796 internal4:0.04585                                                                                  lemur:0.15669 tarsier:0.16941
                   |                                                                                                                               
                   +--------------+                                                                                                 
                   |              |                
                   gibbon:0.03754 internal3:0.00885
                                  |                
                                  +------------------+
                                  |                  |                
                                  orang-utan:0.02923 internal2:0.01217
                                                     |                
                                                     +--------------+
                                                     |              |                
                                                     gorilla:0.0171 internal1:0.00165
                                                                    |                
                                                                    +------------------+
                                                                    |                  |            
                                                                    chimpanzee:0.01511 human:0.01499
                                                                                                    
                                                                                       

        WARNING: Fix bug (leaf branch lengths not taken into account
        Score for current block of repeats (Method=IPGS4K2PBF,IterScale=5000.0,TreeName=mtprim9.phy.alter.msf) {
          Current PartitionMetric:0.0
          Current RobinsonFouldsMetric:0.50222
          Current KuhnerFelsenstein:0.03144625380000001
        }
      } [2h17m, cum. 2h17m]
    } [2h17m, cum. 2h17m]
  } [2h17m, cum. 2h17m]
  Execution directory: /project/6003576/shijia57/Cedar/June22/prime1_IPGS/work/60/b8f9fe77e96e57f239733b1635e327/state/execs/0.exec
} [2h17m]
/project/6003576/shijia57/Cedar/June22/prime1_IPGS/work/c5/f890d70001fc2e22b9be69b19a3cb0
main() {
  Execution directory: /project/6003576/shijia57/Cedar/June22/prime1_IPGS/work/c5/f890d70001fc2e22b9be69b19a3cb0/state/execs/0.exec
  Copying data to /project/6003576/shijia57/Cedar/June22/prime1_IPGS/work/c5/f890d70001fc2e22b9be69b19a3cb0/state/execs/0.exec/output
  
  Current tree:mtprim9.phy.alter.msf {
    Current method:IPGS4K2PBF with iterScale=5000.0 (i.e. 5000000.0 iterations) {
      Repeat 1/1 {
         # particles: 250; nMCMC:5000
internal6
|        
+--------------------------------------------------------------------------------------------------+----------------+
|                                                                                                  |                |                
internal5:0.03977                                                                                  s-monkey:0.12453 internal0:0.09502
|                                                                                                                   |                
+-----------------+                                                                                                 +-------------+
|                 |                                                                                                 |             |              
ce-macaque:0.0873 internal4:0.04496                                                                                 lemur:0.15789 tarsier:0.17111
                  |                                                                                                                              
                  +--------------+                                                                                                
                  |              |                
                  gibbon:0.03778 internal3:0.00951
                                 |                
                                 +------------------+
                                 |                  |                
                                 orang-utan:0.02912 internal2:0.01239
                                                    |                
                                                    +---------------+
                                                    |               |                
                                                    gorilla:0.01681 internal1:0.00154
                                                                    |                
                                                                    +-----------------+
                                                                    |                 |           
                                                                    chimpanzee:0.0157 human:0.0148
                                                                                                  
                                                                                      

        WARNING: Fix bug (leaf branch lengths not taken into account
        Score for current block of repeats (Method=IPGS4K2PBF,IterScale=5000.0,TreeName=mtprim9.phy.alter.msf) {
          Current PartitionMetric:0.0
          Current RobinsonFouldsMetric:0.50012
          Current KuhnerFelsenstein:0.0314355612
        }
      } [2h18m, cum. 2h18m]
    } [2h18m, cum. 2h18m]
  } [2h18m, cum. 2h18m]
  Execution directory: /project/6003576/shijia57/Cedar/June22/prime1_IPGS/work/c5/f890d70001fc2e22b9be69b19a3cb0/state/execs/0.exec
} [2h18m]
/project/6003576/shijia57/Cedar/June22/prime1_IPGS/work/7e/f49b1eb99220457dc452284c833eb3
main() {
  Execution directory: /project/6003576/shijia57/Cedar/June22/prime1_IPGS/work/7e/f49b1eb99220457dc452284c833eb3/state/execs/0.exec
  Copying data to /project/6003576/shijia57/Cedar/June22/prime1_IPGS/work/7e/f49b1eb99220457dc452284c833eb3/state/execs/0.exec/output
  
  Current tree:mtprim9.phy.alter.msf {
    Current method:IPGS4K2PBF with iterScale=5000.0 (i.e. 5000000.0 iterations) {
      Repeat 1/1 {
         # particles: 250; nMCMC:5000
internal6
|        
+-----------------------------------------------------------------------------------------------------+----------------+
|                                                                                                     |                |               
internal5:0.03922                                                                                     s-monkey:0.12385 internal0:0.0967
|                                                                                                                      |               
+------------------+                                                                                                   +-------------+
|                  |                                                                                                   |             |              
ce-macaque:0.08728 internal4:0.04473                                                                                   lemur:0.15716 tarsier:0.16944
                   |                                                                                                                                
                   +--------------+                                                                                                  
                   |              |                
                   gibbon:0.03796 internal3:0.00958
                                  |                
                                  +------------------+
                                  |                  |                
                                  orang-utan:0.02891 internal2:0.01238
                                                     |                
                                                     +---------------+
                                                     |               |                
                                                     gorilla:0.01677 internal1:0.00198
                                                                     |                
                                                                     +------------------+
                                                                     |                  |            
                                                                     chimpanzee:0.01495 human:0.01465
                                                                                                     
                                                                                        

        WARNING: Fix bug (leaf branch lengths not taken into account
        Score for current block of repeats (Method=IPGS4K2PBF,IterScale=5000.0,TreeName=mtprim9.phy.alter.msf) {
          Current PartitionMetric:0.0
          Current RobinsonFouldsMetric:0.5018699999999999
          Current KuhnerFelsenstein:0.031597365700000005
        }
      } [2h18m, cum. 2h18m]
    } [2h18m, cum. 2h18m]
  } [2h18m, cum. 2h18m]
  Execution directory: /project/6003576/shijia57/Cedar/June22/prime1_IPGS/work/7e/f49b1eb99220457dc452284c833eb3/state/execs/0.exec
} [2h18m]
/project/6003576/shijia57/Cedar/June22/prime1_IPGS/work/ce/88fdfee606ee4b8a28a0dee19e532f
main() {
  Execution directory: /project/6003576/shijia57/Cedar/June22/prime1_IPGS/work/ce/88fdfee606ee4b8a28a0dee19e532f/state/execs/0.exec
  Copying data to /project/6003576/shijia57/Cedar/June22/prime1_IPGS/work/ce/88fdfee606ee4b8a28a0dee19e532f/state/execs/0.exec/output
  
  Current tree:mtprim9.phy.alter.msf {
    Current method:IPGS4K2PBF with iterScale=5000.0 (i.e. 5000000.0 iterations) {
      Repeat 1/1 {
         # particles: 250; nMCMC:5000
internal6
|        
+-----------------------------------------------------------------------------------------------------+----------------+
|                                                                                                     |                |              
internal5:0.03996                                                                                     s-monkey:0.12475 internal0:0.095
|                                                                                                                      |              
+------------------+                                                                                                   +------------+
|                  |                                                                                                   |            |             
ce-macaque:0.08694 internal4:0.04477                                                                                   lemur:0.1573 tarsier:0.1713
                   |                                                                                                                              
                   +--------------+                                                                                                 
                   |              |              
                   gibbon:0.03775 internal3:0.009
                                  |              
                                  +------------------+
                                  |                  |                
                                  orang-utan:0.02929 internal2:0.01203
                                                     |                
                                                     +---------------+
                                                     |               |                
                                                     gorilla:0.01667 internal1:0.00173
                                                                     |                
                                                                     +------------------+
                                                                     |                  |            
                                                                     chimpanzee:0.01559 human:0.01471
                                                                                                     
                                                                                        

        WARNING: Fix bug (leaf branch lengths not taken into account
        Score for current block of repeats (Method=IPGS4K2PBF,IterScale=5000.0,TreeName=mtprim9.phy.alter.msf) {
          Current PartitionMetric:0.0
          Current RobinsonFouldsMetric:0.5022800000000001
          Current KuhnerFelsenstein:0.0315085536
        }
      } [2h20m, cum. 2h20m]
    } [2h20m, cum. 2h20m]
  } [2h20m, cum. 2h20m]
  Execution directory: /project/6003576/shijia57/Cedar/June22/prime1_IPGS/work/ce/88fdfee606ee4b8a28a0dee19e532f/state/execs/0.exec
} [2h20m]
/project/6003576/shijia57/Cedar/June22/prime1_IPGS/work/ae/5b4ffbbaf294db6bde6be1dde6d48a
main() {
  Execution directory: /project/6003576/shijia57/Cedar/June22/prime1_IPGS/work/ae/5b4ffbbaf294db6bde6be1dde6d48a/state/execs/0.exec
  Copying data to /project/6003576/shijia57/Cedar/June22/prime1_IPGS/work/ae/5b4ffbbaf294db6bde6be1dde6d48a/state/execs/0.exec/output
  
  Current tree:mtprim9.phy.alter.msf {
    Current method:IPGS4K2PBF with iterScale=5000.0 (i.e. 5000000.0 iterations) {
      Repeat 1/1 {
         # particles: 250; nMCMC:5000
internal6
|        
+-----------------------------------------------------------------------------------------------------+----------------+
|                                                                                                     |                |                
internal5:0.04041                                                                                     s-monkey:0.12494 internal0:0.09481
|                                                                                                                      |                
+------------------+                                                                                                   +-------------+
|                  |                                                                                                   |             |              
ce-macaque:0.08784 internal4:0.04508                                                                                   lemur:0.15651 tarsier:0.17079
                   |                                                                                                                                
                   +--------------+                                                                                                  
                   |              |                
                   gibbon:0.03803 internal3:0.00882
                                  |                
                                  +------------------+
                                  |                  |                
                                  orang-utan:0.02951 internal2:0.01272
                                                     |                
                                                     +---------------+
                                                     |               |                
                                                     gorilla:0.01711 internal1:0.00179
                                                                     |                
                                                                     +------------------+
                                                                     |                  |            
                                                                     chimpanzee:0.01506 human:0.01464
                                                                                                     
                                                                                        

        WARNING: Fix bug (leaf branch lengths not taken into account
        Score for current block of repeats (Method=IPGS4K2PBF,IterScale=5000.0,TreeName=mtprim9.phy.alter.msf) {
          Current PartitionMetric:0.0
          Current RobinsonFouldsMetric:0.50051
          Current KuhnerFelsenstein:0.031203100700000003
        }
      } [2h20m, cum. 2h20m]
    } [2h20m, cum. 2h20m]
  } [2h20m, cum. 2h20m]
  Execution directory: /project/6003576/shijia57/Cedar/June22/prime1_IPGS/work/ae/5b4ffbbaf294db6bde6be1dde6d48a/state/execs/0.exec
} [2h20m]
/project/6003576/shijia57/Cedar/June22/prime1_IPGS/work/3a/f92ecfed189dd0084690daa50985f4
main() {
  Execution directory: /project/6003576/shijia57/Cedar/June22/prime1_IPGS/work/3a/f92ecfed189dd0084690daa50985f4/state/execs/0.exec
  Copying data to /project/6003576/shijia57/Cedar/June22/prime1_IPGS/work/3a/f92ecfed189dd0084690daa50985f4/state/execs/0.exec/output
  
  Current tree:mtprim9.phy.alter.msf {
    Current method:IPGS4K2PBF with iterScale=5000.0 (i.e. 5000000.0 iterations) {
      Repeat 1/1 {
         # particles: 250; nMCMC:5000
internal6
|        
+-----------------------------------------------------------------------------------------------------+----------------+
|                                                                                                     |                |                
internal5:0.03923                                                                                     s-monkey:0.12478 internal0:0.09557
|                                                                                                                      |                
+------------------+                                                                                                   +-------------+
|                  |                                                                                                   |             |              
ce-macaque:0.08802 internal4:0.04468                                                                                   lemur:0.15736 tarsier:0.17014
                   |                                                                                                                                
                   +--------------+                                                                                                  
                   |              |                
                   gibbon:0.03833 internal3:0.00968
                                  |                
                                  +------------------+
                                  |                  |                
                                  orang-utan:0.02933 internal2:0.01212
                                                     |                
                                                     +---------------+
                                                     |               |                
                                                     gorilla:0.01694 internal1:0.00226
                                                                     |                
                                                                     +------------------+
                                                                     |                  |            
                                                                     chimpanzee:0.01502 human:0.01478
                                                                                                     
                                                                                        

        WARNING: Fix bug (leaf branch lengths not taken into account
        Score for current block of repeats (Method=IPGS4K2PBF,IterScale=5000.0,TreeName=mtprim9.phy.alter.msf) {
          Current PartitionMetric:0.0
          Current RobinsonFouldsMetric:0.49833000000000005
          Current KuhnerFelsenstein:0.0311653253
        }
      } [2h20m, cum. 2h20m]
    } [2h20m, cum. 2h20m]
  } [2h20m, cum. 2h20m]
  Execution directory: /project/6003576/shijia57/Cedar/June22/prime1_IPGS/work/3a/f92ecfed189dd0084690daa50985f4/state/execs/0.exec
} [2h20m]
/project/6003576/shijia57/Cedar/June22/prime1_IPGS/work/5a/652c18d5b1027ed54cdd443c7851c7
main() {
  Execution directory: /project/6003576/shijia57/Cedar/June22/prime1_IPGS/work/5a/652c18d5b1027ed54cdd443c7851c7/state/execs/0.exec
  Copying data to /project/6003576/shijia57/Cedar/June22/prime1_IPGS/work/5a/652c18d5b1027ed54cdd443c7851c7/state/execs/0.exec/output
  
  Current tree:mtprim9.phy.alter.msf {
    Current method:IPGS4K2PBF with iterScale=5000.0 (i.e. 5000000.0 iterations) {
      Repeat 1/1 {
         # particles: 250; nMCMC:5000
internal6
|        
+-----------------------------------------------------------------------------------------------------+----------------+
|                                                                                                     |                |                
internal5:0.03935                                                                                     s-monkey:0.12479 internal0:0.09521
|                                                                                                                      |                
+------------------+                                                                                                   +-------------+
|                  |                                                                                                   |             |              
ce-macaque:0.08785 internal4:0.04499                                                                                   lemur:0.15676 tarsier:0.17114
                   |                                                                                                                                
                   +--------------+                                                                                                  
                   |              |                
                   gibbon:0.03816 internal3:0.00946
                                  |                
                                  +------------------+
                                  |                  |                
                                  orang-utan:0.02944 internal2:0.01207
                                                     |                
                                                     +---------------+
                                                     |               |                
                                                     gorilla:0.01702 internal1:0.00173
                                                                     |                
                                                                     +------------------+
                                                                     |                  |            
                                                                     chimpanzee:0.01537 human:0.01493
                                                                                                     
                                                                                        

        WARNING: Fix bug (leaf branch lengths not taken into account
        Score for current block of repeats (Method=IPGS4K2PBF,IterScale=5000.0,TreeName=mtprim9.phy.alter.msf) {
          Current PartitionMetric:0.0
          Current RobinsonFouldsMetric:0.49967999999999996
          Current KuhnerFelsenstein:0.0312104728
        }
      } [2h21m, cum. 2h21m]
    } [2h21m, cum. 2h21m]
  } [2h21m, cum. 2h21m]
  Execution directory: /project/6003576/shijia57/Cedar/June22/prime1_IPGS/work/5a/652c18d5b1027ed54cdd443c7851c7/state/execs/0.exec
} [2h21m]
/project/6003576/shijia57/Cedar/June22/prime1_IPGS/work/f5/fab12bd3947ae6e6946ec26558d82a
main() {
  Execution directory: /project/6003576/shijia57/Cedar/June22/prime1_IPGS/work/f5/fab12bd3947ae6e6946ec26558d82a/state/execs/0.exec
  Copying data to /project/6003576/shijia57/Cedar/June22/prime1_IPGS/work/f5/fab12bd3947ae6e6946ec26558d82a/state/execs/0.exec/output
  
  Current tree:mtprim9.phy.alter.msf {
    Current method:IPGS4K2PBF with iterScale=5000.0 (i.e. 5000000.0 iterations) {
      Repeat 1/1 {
         # particles: 250; nMCMC:5000
internal6
|        
+-----------------------------------------------------------------------------------------------------+----------------+
|                                                                                                     |                |                
internal5:0.04054                                                                                     s-monkey:0.12512 internal0:0.09433
|                                                                                                                      |                
+------------------+                                                                                                   +-------------+
|                  |                                                                                                   |             |              
ce-macaque:0.08669 internal4:0.0445                                                                                    lemur:0.15647 tarsier:0.17053
                   |                                                                                                                                
                   +--------------+                                                                                                  
                   |              |                
                   gibbon:0.03811 internal3:0.00883
                                  |                
                                  +------------------+
                                  |                  |                
                                  orang-utan:0.02923 internal2:0.01282
                                                     |                
                                                     +---------------+
                                                     |               |                
                                                     gorilla:0.01657 internal1:0.00158
                                                                     |                
                                                                     +------------------+
                                                                     |                  |            
                                                                     chimpanzee:0.01509 human:0.01491
                                                                                                     
                                                                                        

        WARNING: Fix bug (leaf branch lengths not taken into account
        Score for current block of repeats (Method=IPGS4K2PBF,IterScale=5000.0,TreeName=mtprim9.phy.alter.msf) {
          Current PartitionMetric:0.0
          Current RobinsonFouldsMetric:0.5020300000000001
          Current KuhnerFelsenstein:0.031427714100000004
        }
      } [2h22m, cum. 2h22m]
    } [2h22m, cum. 2h22m]
  } [2h22m, cum. 2h22m]
  Execution directory: /project/6003576/shijia57/Cedar/June22/prime1_IPGS/work/f5/fab12bd3947ae6e6946ec26558d82a/state/execs/0.exec
} [2h22m]
/project/6003576/shijia57/Cedar/June22/prime1_IPGS/work/45/d57f067221082ae3668b43e9b205ce
main() {
  Execution directory: /project/6003576/shijia57/Cedar/June22/prime1_IPGS/work/45/d57f067221082ae3668b43e9b205ce/state/execs/0.exec
  Copying data to /project/6003576/shijia57/Cedar/June22/prime1_IPGS/work/45/d57f067221082ae3668b43e9b205ce/state/execs/0.exec/output
  
  Current tree:mtprim9.phy.alter.msf {
    Current method:IPGS4K2PBF with iterScale=5000.0 (i.e. 5000000.0 iterations) {
      Repeat 1/1 {
         # particles: 250; nMCMC:5000
internal6
|        
+-----------------------------------------------------------------------------------------------------+----------------+
|                                                                                                     |                |                
internal5:0.03891                                                                                     s-monkey:0.12508 internal0:0.09582
|                                                                                                                      |                
+------------------+                                                                                                   +------------+
|                  |                                                                                                   |            |             
ce-macaque:0.08786 internal4:0.04554                                                                                   lemur:0.1564 tarsier:0.1706
                   |                                                                                                                              
                   +--------------+                                                                                                 
                   |              |                
                   gibbon:0.03814 internal3:0.00942
                                  |                
                                  +------------------+
                                  |                  |                
                                  orang-utan:0.02967 internal2:0.01237
                                                     |                
                                                     +---------------+
                                                     |               |                
                                                     gorilla:0.01692 internal1:0.00198
                                                                     |                
                                                                     +------------------+
                                                                     |                  |            
                                                                     chimpanzee:0.01517 human:0.01493
                                                                                                     
                                                                                        

        WARNING: Fix bug (leaf branch lengths not taken into account
        Score for current block of repeats (Method=IPGS4K2PBF,IterScale=5000.0,TreeName=mtprim9.phy.alter.msf) {
          Current PartitionMetric:0.0
          Current RobinsonFouldsMetric:0.49918000000000007
          Current KuhnerFelsenstein:0.031117821
        }
      } [2h22m, cum. 2h22m]
    } [2h22m, cum. 2h22m]
  } [2h22m, cum. 2h22m]
  Execution directory: /project/6003576/shijia57/Cedar/June22/prime1_IPGS/work/45/d57f067221082ae3668b43e9b205ce/state/execs/0.exec
} [2h22m]
/project/6003576/shijia57/Cedar/June22/prime1_IPGS/work/12/80cacd5e88dc59ad68fb8a8ba2ba3c
main() {
  Execution directory: /project/6003576/shijia57/Cedar/June22/prime1_IPGS/work/12/80cacd5e88dc59ad68fb8a8ba2ba3c/state/execs/0.exec
  Copying data to /project/6003576/shijia57/Cedar/June22/prime1_IPGS/work/12/80cacd5e88dc59ad68fb8a8ba2ba3c/state/execs/0.exec/output
  
  Current tree:mtprim9.phy.alter.msf {
    Current method:IPGS4K2PBF with iterScale=5000.0 (i.e. 5000000.0 iterations) {
      Repeat 1/1 {
         # particles: 250; nMCMC:5000
internal6
|        
+----------------------------------------------------------------------------------------------------+----------------+
|                                                                                                    |                |                
internal5:0.03977                                                                                    s-monkey:0.12592 internal0:0.09493
|                                                                                                                     |                
+------------------+                                                                                                  +-------------+
|                  |                                                                                                  |             |              
ce-macaque:0.08741 internal4:0.04605                                                                                  lemur:0.15606 tarsier:0.16984
                   |                                                                                                                               
                   +--------------+                                                                                                 
                   |              |                
                   gibbon:0.03813 internal3:0.00914
                                  |                
                                  +-----------------+
                                  |                 |                
                                  orang-utan:0.0298 internal2:0.01229
                                                    |                
                                                    +---------------+
                                                    |               |                
                                                    gorilla:0.01677 internal1:0.00208
                                                                    |                
                                                                    +------------------+
                                                                    |                  |            
                                                                    chimpanzee:0.01508 human:0.01472
                                                                                                    
                                                                                       

        WARNING: Fix bug (leaf branch lengths not taken into account
        Score for current block of repeats (Method=IPGS4K2PBF,IterScale=5000.0,TreeName=mtprim9.phy.alter.msf) {
          Current PartitionMetric:0.0
          Current RobinsonFouldsMetric:0.49763999999999997
          Current KuhnerFelsenstein:0.031054739200000004
        }
      } [2h23m, cum. 2h23m]
    } [2h23m, cum. 2h23m]
  } [2h23m, cum. 2h23m]
  Execution directory: /project/6003576/shijia57/Cedar/June22/prime1_IPGS/work/12/80cacd5e88dc59ad68fb8a8ba2ba3c/state/execs/0.exec
} [2h23m]
[3d/6f9b60] Submitted process > aggregate
ERROR ~ Error executing process > 'aggregate'

Caused by:
  Process `aggregate` terminated with an error exit status (2)

Command executed:

  ./code/bin/csv-aggregate     --experimentConfigs.managedExecutionFolder false     --experimentConfigs.saveStandardStreams false     --experimentConfigs.recordExecutionInfo false     --argumentFileName state/execs/0.exec/options.map     --argumentsKeys    gen.rand  PGSExperiments.iterScalings PGSExperiments.methods PGSExperiments.mainRand PGSExperiments.nParticlesEachStep    --dataPathInEachExecFolder state/execs/0.exec/results/logZout.csv     --outputFolderName aggregated

Command exit status:
  2

Command output:
  (empty)

Command error:
    --dataPathInEachExecFolder state/execs/0.exec/results/logZout.csv    # <String> (mandatory)
  #   description: Comma separated value (cvs) file in each exec containing the data to be aggregated.
  
  # --execFoldersPrefix <String> (default value: exec_)
  #   description: Prefix of the directories, each containing stored command line arguments stored in tab separated values as well data in csv format.
  
  # --experimentConfigs.configFile <File> (optional)
  #   description: If set, use those arguments in provided file that do not appear in the provided arguments.
  
    --experimentConfigs.managedExecutionFolder false    # <boolean> (default value: true)
  #   description: Automatically organize results into subdirectories of 'results/all'?
  
    --experimentConfigs.recordExecutionInfo false    # <boolean> (default value: true)
  #   description: Record information such as timing, main class, code version, etc for this run?
  
    --experimentConfigs.saveStandardStreams false    # <boolean> (default value: true)
  #   description: Save combined standard out and err into a file?
  
  # --keys <String> (mandatory)
  #   description: Command line arguments stored in tab separated values for each exec. Syntax: comma separated list of (<key> [as <transformed-key>] )* from [optional] <tsv-file-in-each-exec>
  # ! Did not instantiate <java.lang.String> because of missing input
  
    --outputFolderName aggregated    # <String> (default value: aggregated)
  
  ### Errors:
  
  #   error @ argumentFileName
  # ! Unknown input
  
  #   error @ argumentsKeys
  # ! Unknown input

Work dir:
  /project/6003576/shijia57/Cedar/June22/prime1_IPGS/work/3d/6f9b609ee339e8fa9f6e2e37ca0a6d

Tip: view the complete command output by changing to the process work dir and entering the command `cat .command.out`

 -- Check '.nextflow.log' file for details
